[2025-03-18T13:34:55.569+0000] {processor.py:186} INFO - Started process (PID=85) to work on /opt/airflow/dags/reddit-dag.py
[2025-03-18T13:34:55.570+0000] {processor.py:914} INFO - Processing file /opt/airflow/dags/reddit-dag.py for tasks to queue
[2025-03-18T13:34:55.571+0000] {logging_mixin.py:190} INFO - [2025-03-18T13:34:55.571+0000] {dagbag.py:588} INFO - Filling up the DagBag from /opt/airflow/dags/reddit-dag.py
[2025-03-18T13:34:55.773+0000] {processor.py:925} INFO - DAG(s) 'etl_reddit_pipeline' retrieved from /opt/airflow/dags/reddit-dag.py
[2025-03-18T13:34:55.829+0000] {logging_mixin.py:190} INFO - [2025-03-18T13:34:55.829+0000] {override.py:1930} INFO - Created Permission View: can delete on DAG:etl_reddit_pipeline
[2025-03-18T13:34:55.833+0000] {logging_mixin.py:190} INFO - [2025-03-18T13:34:55.832+0000] {override.py:1930} INFO - Created Permission View: can edit on DAG:etl_reddit_pipeline
[2025-03-18T13:34:55.834+0000] {logging_mixin.py:190} INFO - [2025-03-18T13:34:55.834+0000] {override.py:1930} INFO - Created Permission View: can read on DAG:etl_reddit_pipeline
[2025-03-18T13:34:55.836+0000] {logging_mixin.py:190} INFO - [2025-03-18T13:34:55.836+0000] {override.py:1930} INFO - Created Permission View: menu access on DAG Run:etl_reddit_pipeline
[2025-03-18T13:34:55.838+0000] {logging_mixin.py:190} INFO - [2025-03-18T13:34:55.838+0000] {override.py:1930} INFO - Created Permission View: can delete on DAG Run:etl_reddit_pipeline
[2025-03-18T13:34:55.840+0000] {logging_mixin.py:190} INFO - [2025-03-18T13:34:55.840+0000] {override.py:1930} INFO - Created Permission View: can create on DAG Run:etl_reddit_pipeline
[2025-03-18T13:34:55.842+0000] {logging_mixin.py:190} INFO - [2025-03-18T13:34:55.842+0000] {override.py:1930} INFO - Created Permission View: can read on DAG Run:etl_reddit_pipeline
[2025-03-18T13:34:55.842+0000] {logging_mixin.py:190} INFO - [2025-03-18T13:34:55.842+0000] {dag.py:3239} INFO - Sync 1 DAGs
[2025-03-18T13:34:55.847+0000] {logging_mixin.py:190} INFO - [2025-03-18T13:34:55.847+0000] {dag.py:3262} INFO - Creating ORM DAG for etl_reddit_pipeline
[2025-03-18T13:34:55.851+0000] {logging_mixin.py:190} INFO - [2025-03-18T13:34:55.851+0000] {dag.py:4180} INFO - Setting next_dagrun for etl_reddit_pipeline to 2025-03-17T00:00:00+00:00, run_after=2025-03-18T00:00:00+00:00
[2025-03-18T13:34:55.858+0000] {processor.py:208} INFO - Processing /opt/airflow/dags/reddit-dag.py took 0.293 seconds
[2025-03-18T13:35:25.913+0000] {processor.py:186} INFO - Started process (PID=87) to work on /opt/airflow/dags/reddit-dag.py
[2025-03-18T13:35:25.914+0000] {processor.py:914} INFO - Processing file /opt/airflow/dags/reddit-dag.py for tasks to queue
[2025-03-18T13:35:25.916+0000] {logging_mixin.py:190} INFO - [2025-03-18T13:35:25.916+0000] {dagbag.py:588} INFO - Filling up the DagBag from /opt/airflow/dags/reddit-dag.py
[2025-03-18T13:35:26.116+0000] {processor.py:925} INFO - DAG(s) 'etl_reddit_pipeline' retrieved from /opt/airflow/dags/reddit-dag.py
[2025-03-18T13:35:26.126+0000] {logging_mixin.py:190} INFO - [2025-03-18T13:35:26.125+0000] {dag.py:3239} INFO - Sync 1 DAGs
[2025-03-18T13:35:26.135+0000] {logging_mixin.py:190} INFO - [2025-03-18T13:35:26.135+0000] {dag.py:4180} INFO - Setting next_dagrun for etl_reddit_pipeline to 2025-03-17T00:00:00+00:00, run_after=2025-03-18T00:00:00+00:00
[2025-03-18T13:35:26.142+0000] {processor.py:208} INFO - Processing /opt/airflow/dags/reddit-dag.py took 0.235 seconds
[2025-03-18T13:35:56.251+0000] {processor.py:186} INFO - Started process (PID=89) to work on /opt/airflow/dags/reddit-dag.py
[2025-03-18T13:35:56.252+0000] {processor.py:914} INFO - Processing file /opt/airflow/dags/reddit-dag.py for tasks to queue
[2025-03-18T13:35:56.254+0000] {logging_mixin.py:190} INFO - [2025-03-18T13:35:56.253+0000] {dagbag.py:588} INFO - Filling up the DagBag from /opt/airflow/dags/reddit-dag.py
[2025-03-18T13:35:56.481+0000] {processor.py:925} INFO - DAG(s) 'etl_reddit_pipeline' retrieved from /opt/airflow/dags/reddit-dag.py
[2025-03-18T13:35:56.490+0000] {logging_mixin.py:190} INFO - [2025-03-18T13:35:56.490+0000] {dag.py:3239} INFO - Sync 1 DAGs
[2025-03-18T13:35:56.499+0000] {logging_mixin.py:190} INFO - [2025-03-18T13:35:56.499+0000] {dag.py:4180} INFO - Setting next_dagrun for etl_reddit_pipeline to 2025-03-17T00:00:00+00:00, run_after=2025-03-18T00:00:00+00:00
[2025-03-18T13:35:56.505+0000] {processor.py:208} INFO - Processing /opt/airflow/dags/reddit-dag.py took 0.259 seconds
[2025-03-18T13:36:26.823+0000] {processor.py:186} INFO - Started process (PID=91) to work on /opt/airflow/dags/reddit-dag.py
[2025-03-18T13:36:26.824+0000] {processor.py:914} INFO - Processing file /opt/airflow/dags/reddit-dag.py for tasks to queue
[2025-03-18T13:36:26.827+0000] {logging_mixin.py:190} INFO - [2025-03-18T13:36:26.826+0000] {dagbag.py:588} INFO - Filling up the DagBag from /opt/airflow/dags/reddit-dag.py
[2025-03-18T13:36:27.023+0000] {processor.py:925} INFO - DAG(s) 'etl_reddit_pipeline' retrieved from /opt/airflow/dags/reddit-dag.py
[2025-03-18T13:36:27.031+0000] {logging_mixin.py:190} INFO - [2025-03-18T13:36:27.031+0000] {dag.py:3239} INFO - Sync 1 DAGs
[2025-03-18T13:36:27.039+0000] {logging_mixin.py:190} INFO - [2025-03-18T13:36:27.039+0000] {dag.py:4180} INFO - Setting next_dagrun for etl_reddit_pipeline to 2025-03-18T00:00:00+00:00, run_after=2025-03-19T00:00:00+00:00
[2025-03-18T13:36:27.045+0000] {processor.py:208} INFO - Processing /opt/airflow/dags/reddit-dag.py took 0.227 seconds
[2025-03-18T13:36:57.192+0000] {processor.py:186} INFO - Started process (PID=93) to work on /opt/airflow/dags/reddit-dag.py
[2025-03-18T13:36:57.193+0000] {processor.py:914} INFO - Processing file /opt/airflow/dags/reddit-dag.py for tasks to queue
[2025-03-18T13:36:57.195+0000] {logging_mixin.py:190} INFO - [2025-03-18T13:36:57.195+0000] {dagbag.py:588} INFO - Filling up the DagBag from /opt/airflow/dags/reddit-dag.py
[2025-03-18T13:36:57.420+0000] {processor.py:925} INFO - DAG(s) 'etl_reddit_pipeline' retrieved from /opt/airflow/dags/reddit-dag.py
[2025-03-18T13:36:57.430+0000] {logging_mixin.py:190} INFO - [2025-03-18T13:36:57.430+0000] {dag.py:3239} INFO - Sync 1 DAGs
[2025-03-18T13:36:57.438+0000] {logging_mixin.py:190} INFO - [2025-03-18T13:36:57.438+0000] {dag.py:4180} INFO - Setting next_dagrun for etl_reddit_pipeline to 2025-03-18T00:00:00+00:00, run_after=2025-03-19T00:00:00+00:00
[2025-03-18T13:36:57.445+0000] {processor.py:208} INFO - Processing /opt/airflow/dags/reddit-dag.py took 0.261 seconds
[2025-03-18T13:37:27.723+0000] {processor.py:186} INFO - Started process (PID=95) to work on /opt/airflow/dags/reddit-dag.py
[2025-03-18T13:37:27.723+0000] {processor.py:914} INFO - Processing file /opt/airflow/dags/reddit-dag.py for tasks to queue
[2025-03-18T13:37:27.726+0000] {logging_mixin.py:190} INFO - [2025-03-18T13:37:27.725+0000] {dagbag.py:588} INFO - Filling up the DagBag from /opt/airflow/dags/reddit-dag.py
[2025-03-18T13:37:28.005+0000] {processor.py:925} INFO - DAG(s) 'etl_reddit_pipeline' retrieved from /opt/airflow/dags/reddit-dag.py
[2025-03-18T13:37:28.015+0000] {logging_mixin.py:190} INFO - [2025-03-18T13:37:28.015+0000] {dag.py:3239} INFO - Sync 1 DAGs
[2025-03-18T13:37:28.026+0000] {logging_mixin.py:190} INFO - [2025-03-18T13:37:28.026+0000] {dag.py:4180} INFO - Setting next_dagrun for etl_reddit_pipeline to 2025-03-18T00:00:00+00:00, run_after=2025-03-19T00:00:00+00:00
[2025-03-18T13:37:28.034+0000] {processor.py:208} INFO - Processing /opt/airflow/dags/reddit-dag.py took 0.316 seconds
[2025-03-18T13:37:58.096+0000] {processor.py:186} INFO - Started process (PID=97) to work on /opt/airflow/dags/reddit-dag.py
[2025-03-18T13:37:58.097+0000] {processor.py:914} INFO - Processing file /opt/airflow/dags/reddit-dag.py for tasks to queue
[2025-03-18T13:37:58.100+0000] {logging_mixin.py:190} INFO - [2025-03-18T13:37:58.099+0000] {dagbag.py:588} INFO - Filling up the DagBag from /opt/airflow/dags/reddit-dag.py
[2025-03-18T13:37:58.291+0000] {processor.py:925} INFO - DAG(s) 'etl_reddit_pipeline' retrieved from /opt/airflow/dags/reddit-dag.py
[2025-03-18T13:37:58.299+0000] {logging_mixin.py:190} INFO - [2025-03-18T13:37:58.299+0000] {dag.py:3239} INFO - Sync 1 DAGs
[2025-03-18T13:37:58.307+0000] {logging_mixin.py:190} INFO - [2025-03-18T13:37:58.307+0000] {dag.py:4180} INFO - Setting next_dagrun for etl_reddit_pipeline to 2025-03-18T00:00:00+00:00, run_after=2025-03-19T00:00:00+00:00
[2025-03-18T13:37:58.313+0000] {processor.py:208} INFO - Processing /opt/airflow/dags/reddit-dag.py took 0.224 seconds
[2025-03-18T13:38:28.704+0000] {processor.py:186} INFO - Started process (PID=99) to work on /opt/airflow/dags/reddit-dag.py
[2025-03-18T13:38:28.704+0000] {processor.py:914} INFO - Processing file /opt/airflow/dags/reddit-dag.py for tasks to queue
[2025-03-18T13:38:28.707+0000] {logging_mixin.py:190} INFO - [2025-03-18T13:38:28.707+0000] {dagbag.py:588} INFO - Filling up the DagBag from /opt/airflow/dags/reddit-dag.py
[2025-03-18T13:38:28.980+0000] {processor.py:925} INFO - DAG(s) 'etl_reddit_pipeline' retrieved from /opt/airflow/dags/reddit-dag.py
[2025-03-18T13:38:28.989+0000] {logging_mixin.py:190} INFO - [2025-03-18T13:38:28.989+0000] {dag.py:3239} INFO - Sync 1 DAGs
[2025-03-18T13:38:28.997+0000] {logging_mixin.py:190} INFO - [2025-03-18T13:38:28.997+0000] {dag.py:4180} INFO - Setting next_dagrun for etl_reddit_pipeline to 2025-03-18T00:00:00+00:00, run_after=2025-03-19T00:00:00+00:00
[2025-03-18T13:38:29.003+0000] {processor.py:208} INFO - Processing /opt/airflow/dags/reddit-dag.py took 0.304 seconds
[2025-03-18T13:38:59.089+0000] {processor.py:186} INFO - Started process (PID=101) to work on /opt/airflow/dags/reddit-dag.py
[2025-03-18T13:38:59.090+0000] {processor.py:914} INFO - Processing file /opt/airflow/dags/reddit-dag.py for tasks to queue
[2025-03-18T13:38:59.093+0000] {logging_mixin.py:190} INFO - [2025-03-18T13:38:59.093+0000] {dagbag.py:588} INFO - Filling up the DagBag from /opt/airflow/dags/reddit-dag.py
[2025-03-18T13:38:59.346+0000] {processor.py:925} INFO - DAG(s) 'etl_reddit_pipeline' retrieved from /opt/airflow/dags/reddit-dag.py
[2025-03-18T13:38:59.354+0000] {logging_mixin.py:190} INFO - [2025-03-18T13:38:59.354+0000] {dag.py:3239} INFO - Sync 1 DAGs
[2025-03-18T13:38:59.362+0000] {logging_mixin.py:190} INFO - [2025-03-18T13:38:59.362+0000] {dag.py:4180} INFO - Setting next_dagrun for etl_reddit_pipeline to 2025-03-18T00:00:00+00:00, run_after=2025-03-19T00:00:00+00:00
[2025-03-18T13:38:59.369+0000] {processor.py:208} INFO - Processing /opt/airflow/dags/reddit-dag.py took 0.288 seconds
[2025-03-18T13:39:29.697+0000] {processor.py:186} INFO - Started process (PID=103) to work on /opt/airflow/dags/reddit-dag.py
[2025-03-18T13:39:29.697+0000] {processor.py:914} INFO - Processing file /opt/airflow/dags/reddit-dag.py for tasks to queue
[2025-03-18T13:39:29.698+0000] {logging_mixin.py:190} INFO - [2025-03-18T13:39:29.698+0000] {dagbag.py:588} INFO - Filling up the DagBag from /opt/airflow/dags/reddit-dag.py
[2025-03-18T13:39:29.900+0000] {processor.py:925} INFO - DAG(s) 'etl_reddit_pipeline' retrieved from /opt/airflow/dags/reddit-dag.py
[2025-03-18T13:39:29.909+0000] {logging_mixin.py:190} INFO - [2025-03-18T13:39:29.909+0000] {dag.py:3239} INFO - Sync 1 DAGs
[2025-03-18T13:39:29.918+0000] {logging_mixin.py:190} INFO - [2025-03-18T13:39:29.918+0000] {dag.py:4180} INFO - Setting next_dagrun for etl_reddit_pipeline to 2025-03-18T00:00:00+00:00, run_after=2025-03-19T00:00:00+00:00
[2025-03-18T13:39:29.925+0000] {processor.py:208} INFO - Processing /opt/airflow/dags/reddit-dag.py took 0.231 seconds
[2025-03-18T13:40:00.000+0000] {processor.py:186} INFO - Started process (PID=105) to work on /opt/airflow/dags/reddit-dag.py
[2025-03-18T13:40:00.001+0000] {processor.py:914} INFO - Processing file /opt/airflow/dags/reddit-dag.py for tasks to queue
[2025-03-18T13:40:00.003+0000] {logging_mixin.py:190} INFO - [2025-03-18T13:40:00.003+0000] {dagbag.py:588} INFO - Filling up the DagBag from /opt/airflow/dags/reddit-dag.py
[2025-03-18T13:40:00.212+0000] {processor.py:925} INFO - DAG(s) 'etl_reddit_pipeline' retrieved from /opt/airflow/dags/reddit-dag.py
[2025-03-18T13:40:00.219+0000] {logging_mixin.py:190} INFO - [2025-03-18T13:40:00.219+0000] {dag.py:3239} INFO - Sync 1 DAGs
[2025-03-18T13:40:00.227+0000] {logging_mixin.py:190} INFO - [2025-03-18T13:40:00.227+0000] {dag.py:4180} INFO - Setting next_dagrun for etl_reddit_pipeline to 2025-03-18T00:00:00+00:00, run_after=2025-03-19T00:00:00+00:00
[2025-03-18T13:40:00.234+0000] {processor.py:208} INFO - Processing /opt/airflow/dags/reddit-dag.py took 0.241 seconds
[2025-03-18T13:40:30.540+0000] {processor.py:186} INFO - Started process (PID=107) to work on /opt/airflow/dags/reddit-dag.py
[2025-03-18T13:40:30.541+0000] {processor.py:914} INFO - Processing file /opt/airflow/dags/reddit-dag.py for tasks to queue
[2025-03-18T13:40:30.543+0000] {logging_mixin.py:190} INFO - [2025-03-18T13:40:30.543+0000] {dagbag.py:588} INFO - Filling up the DagBag from /opt/airflow/dags/reddit-dag.py
[2025-03-18T13:40:30.750+0000] {processor.py:925} INFO - DAG(s) 'etl_reddit_pipeline' retrieved from /opt/airflow/dags/reddit-dag.py
[2025-03-18T13:40:30.758+0000] {logging_mixin.py:190} INFO - [2025-03-18T13:40:30.758+0000] {dag.py:3239} INFO - Sync 1 DAGs
[2025-03-18T13:40:30.766+0000] {logging_mixin.py:190} INFO - [2025-03-18T13:40:30.766+0000] {dag.py:4180} INFO - Setting next_dagrun for etl_reddit_pipeline to 2025-03-18T00:00:00+00:00, run_after=2025-03-19T00:00:00+00:00
[2025-03-18T13:40:30.773+0000] {processor.py:208} INFO - Processing /opt/airflow/dags/reddit-dag.py took 0.238 seconds
[2025-03-18T13:41:00.887+0000] {processor.py:186} INFO - Started process (PID=109) to work on /opt/airflow/dags/reddit-dag.py
[2025-03-18T13:41:00.888+0000] {processor.py:914} INFO - Processing file /opt/airflow/dags/reddit-dag.py for tasks to queue
[2025-03-18T13:41:00.889+0000] {logging_mixin.py:190} INFO - [2025-03-18T13:41:00.889+0000] {dagbag.py:588} INFO - Filling up the DagBag from /opt/airflow/dags/reddit-dag.py
[2025-03-18T13:41:01.079+0000] {processor.py:925} INFO - DAG(s) 'etl_reddit_pipeline' retrieved from /opt/airflow/dags/reddit-dag.py
[2025-03-18T13:41:01.087+0000] {logging_mixin.py:190} INFO - [2025-03-18T13:41:01.087+0000] {dag.py:3239} INFO - Sync 1 DAGs
[2025-03-18T13:41:01.095+0000] {logging_mixin.py:190} INFO - [2025-03-18T13:41:01.095+0000] {dag.py:4180} INFO - Setting next_dagrun for etl_reddit_pipeline to 2025-03-18T00:00:00+00:00, run_after=2025-03-19T00:00:00+00:00
[2025-03-18T13:41:01.101+0000] {processor.py:208} INFO - Processing /opt/airflow/dags/reddit-dag.py took 0.219 seconds
[2025-03-18T13:41:31.217+0000] {processor.py:186} INFO - Started process (PID=111) to work on /opt/airflow/dags/reddit-dag.py
[2025-03-18T13:41:31.218+0000] {processor.py:914} INFO - Processing file /opt/airflow/dags/reddit-dag.py for tasks to queue
[2025-03-18T13:41:31.220+0000] {logging_mixin.py:190} INFO - [2025-03-18T13:41:31.220+0000] {dagbag.py:588} INFO - Filling up the DagBag from /opt/airflow/dags/reddit-dag.py
[2025-03-18T13:41:31.399+0000] {processor.py:925} INFO - DAG(s) 'etl_reddit_pipeline' retrieved from /opt/airflow/dags/reddit-dag.py
[2025-03-18T13:41:31.407+0000] {logging_mixin.py:190} INFO - [2025-03-18T13:41:31.407+0000] {dag.py:3239} INFO - Sync 1 DAGs
[2025-03-18T13:41:31.414+0000] {logging_mixin.py:190} INFO - [2025-03-18T13:41:31.414+0000] {dag.py:4180} INFO - Setting next_dagrun for etl_reddit_pipeline to 2025-03-18T00:00:00+00:00, run_after=2025-03-19T00:00:00+00:00
[2025-03-18T13:41:31.422+0000] {processor.py:208} INFO - Processing /opt/airflow/dags/reddit-dag.py took 0.210 seconds
[2025-03-18T13:42:01.797+0000] {processor.py:186} INFO - Started process (PID=113) to work on /opt/airflow/dags/reddit-dag.py
[2025-03-18T13:42:01.798+0000] {processor.py:914} INFO - Processing file /opt/airflow/dags/reddit-dag.py for tasks to queue
[2025-03-18T13:42:01.800+0000] {logging_mixin.py:190} INFO - [2025-03-18T13:42:01.800+0000] {dagbag.py:588} INFO - Filling up the DagBag from /opt/airflow/dags/reddit-dag.py
[2025-03-18T13:42:02.079+0000] {processor.py:925} INFO - DAG(s) 'etl_reddit_pipeline' retrieved from /opt/airflow/dags/reddit-dag.py
[2025-03-18T13:42:02.089+0000] {logging_mixin.py:190} INFO - [2025-03-18T13:42:02.089+0000] {dag.py:3239} INFO - Sync 1 DAGs
[2025-03-18T13:42:02.098+0000] {logging_mixin.py:190} INFO - [2025-03-18T13:42:02.098+0000] {dag.py:4180} INFO - Setting next_dagrun for etl_reddit_pipeline to 2025-03-18T00:00:00+00:00, run_after=2025-03-19T00:00:00+00:00
[2025-03-18T13:42:02.104+0000] {processor.py:208} INFO - Processing /opt/airflow/dags/reddit-dag.py took 0.313 seconds
[2025-03-18T13:42:32.169+0000] {processor.py:186} INFO - Started process (PID=115) to work on /opt/airflow/dags/reddit-dag.py
[2025-03-18T13:42:32.170+0000] {processor.py:914} INFO - Processing file /opt/airflow/dags/reddit-dag.py for tasks to queue
[2025-03-18T13:42:32.172+0000] {logging_mixin.py:190} INFO - [2025-03-18T13:42:32.172+0000] {dagbag.py:588} INFO - Filling up the DagBag from /opt/airflow/dags/reddit-dag.py
[2025-03-18T13:42:32.380+0000] {processor.py:925} INFO - DAG(s) 'etl_reddit_pipeline' retrieved from /opt/airflow/dags/reddit-dag.py
[2025-03-18T13:42:32.389+0000] {logging_mixin.py:190} INFO - [2025-03-18T13:42:32.389+0000] {dag.py:3239} INFO - Sync 1 DAGs
[2025-03-18T13:42:32.397+0000] {logging_mixin.py:190} INFO - [2025-03-18T13:42:32.396+0000] {dag.py:4180} INFO - Setting next_dagrun for etl_reddit_pipeline to 2025-03-18T00:00:00+00:00, run_after=2025-03-19T00:00:00+00:00
[2025-03-18T13:42:32.403+0000] {processor.py:208} INFO - Processing /opt/airflow/dags/reddit-dag.py took 0.241 seconds
[2025-03-18T13:43:02.536+0000] {processor.py:186} INFO - Started process (PID=117) to work on /opt/airflow/dags/reddit-dag.py
[2025-03-18T13:43:02.537+0000] {processor.py:914} INFO - Processing file /opt/airflow/dags/reddit-dag.py for tasks to queue
[2025-03-18T13:43:02.539+0000] {logging_mixin.py:190} INFO - [2025-03-18T13:43:02.539+0000] {dagbag.py:588} INFO - Filling up the DagBag from /opt/airflow/dags/reddit-dag.py
[2025-03-18T13:43:02.796+0000] {processor.py:925} INFO - DAG(s) 'etl_reddit_pipeline' retrieved from /opt/airflow/dags/reddit-dag.py
[2025-03-18T13:43:02.806+0000] {logging_mixin.py:190} INFO - [2025-03-18T13:43:02.806+0000] {dag.py:3239} INFO - Sync 1 DAGs
[2025-03-18T13:43:02.816+0000] {logging_mixin.py:190} INFO - [2025-03-18T13:43:02.816+0000] {dag.py:4180} INFO - Setting next_dagrun for etl_reddit_pipeline to 2025-03-18T00:00:00+00:00, run_after=2025-03-19T00:00:00+00:00
[2025-03-18T13:43:02.822+0000] {processor.py:208} INFO - Processing /opt/airflow/dags/reddit-dag.py took 0.292 seconds
[2025-03-18T13:43:33.135+0000] {processor.py:186} INFO - Started process (PID=119) to work on /opt/airflow/dags/reddit-dag.py
[2025-03-18T13:43:33.136+0000] {processor.py:914} INFO - Processing file /opt/airflow/dags/reddit-dag.py for tasks to queue
[2025-03-18T13:43:33.139+0000] {logging_mixin.py:190} INFO - [2025-03-18T13:43:33.138+0000] {dagbag.py:588} INFO - Filling up the DagBag from /opt/airflow/dags/reddit-dag.py
[2025-03-18T13:43:33.352+0000] {processor.py:925} INFO - DAG(s) 'etl_reddit_pipeline' retrieved from /opt/airflow/dags/reddit-dag.py
[2025-03-18T13:43:33.361+0000] {logging_mixin.py:190} INFO - [2025-03-18T13:43:33.361+0000] {dag.py:3239} INFO - Sync 1 DAGs
[2025-03-18T13:43:33.371+0000] {logging_mixin.py:190} INFO - [2025-03-18T13:43:33.371+0000] {dag.py:4180} INFO - Setting next_dagrun for etl_reddit_pipeline to 2025-03-18T00:00:00+00:00, run_after=2025-03-19T00:00:00+00:00
[2025-03-18T13:43:33.379+0000] {processor.py:208} INFO - Processing /opt/airflow/dags/reddit-dag.py took 0.250 seconds
[2025-03-18T13:44:03.503+0000] {processor.py:186} INFO - Started process (PID=121) to work on /opt/airflow/dags/reddit-dag.py
[2025-03-18T13:44:03.504+0000] {processor.py:914} INFO - Processing file /opt/airflow/dags/reddit-dag.py for tasks to queue
[2025-03-18T13:44:03.506+0000] {logging_mixin.py:190} INFO - [2025-03-18T13:44:03.506+0000] {dagbag.py:588} INFO - Filling up the DagBag from /opt/airflow/dags/reddit-dag.py
[2025-03-18T13:44:03.784+0000] {processor.py:925} INFO - DAG(s) 'etl_reddit_pipeline' retrieved from /opt/airflow/dags/reddit-dag.py
[2025-03-18T13:44:03.794+0000] {logging_mixin.py:190} INFO - [2025-03-18T13:44:03.794+0000] {dag.py:3239} INFO - Sync 1 DAGs
[2025-03-18T13:44:03.803+0000] {logging_mixin.py:190} INFO - [2025-03-18T13:44:03.803+0000] {dag.py:4180} INFO - Setting next_dagrun for etl_reddit_pipeline to 2025-03-18T00:00:00+00:00, run_after=2025-03-19T00:00:00+00:00
[2025-03-18T13:44:03.810+0000] {processor.py:208} INFO - Processing /opt/airflow/dags/reddit-dag.py took 0.314 seconds
[2025-03-18T13:44:34.038+0000] {processor.py:186} INFO - Started process (PID=123) to work on /opt/airflow/dags/reddit-dag.py
[2025-03-18T13:44:34.038+0000] {processor.py:914} INFO - Processing file /opt/airflow/dags/reddit-dag.py for tasks to queue
[2025-03-18T13:44:34.040+0000] {logging_mixin.py:190} INFO - [2025-03-18T13:44:34.040+0000] {dagbag.py:588} INFO - Filling up the DagBag from /opt/airflow/dags/reddit-dag.py
[2025-03-18T13:44:34.252+0000] {processor.py:925} INFO - DAG(s) 'etl_reddit_pipeline' retrieved from /opt/airflow/dags/reddit-dag.py
[2025-03-18T13:44:34.260+0000] {logging_mixin.py:190} INFO - [2025-03-18T13:44:34.260+0000] {dag.py:3239} INFO - Sync 1 DAGs
[2025-03-18T13:44:34.267+0000] {logging_mixin.py:190} INFO - [2025-03-18T13:44:34.267+0000] {dag.py:4180} INFO - Setting next_dagrun for etl_reddit_pipeline to 2025-03-18T00:00:00+00:00, run_after=2025-03-19T00:00:00+00:00
[2025-03-18T13:44:34.273+0000] {processor.py:208} INFO - Processing /opt/airflow/dags/reddit-dag.py took 0.241 seconds
[2025-03-18T13:45:04.542+0000] {processor.py:186} INFO - Started process (PID=125) to work on /opt/airflow/dags/reddit-dag.py
[2025-03-18T13:45:04.543+0000] {processor.py:914} INFO - Processing file /opt/airflow/dags/reddit-dag.py for tasks to queue
[2025-03-18T13:45:04.545+0000] {logging_mixin.py:190} INFO - [2025-03-18T13:45:04.545+0000] {dagbag.py:588} INFO - Filling up the DagBag from /opt/airflow/dags/reddit-dag.py
[2025-03-18T13:45:04.762+0000] {processor.py:925} INFO - DAG(s) 'etl_reddit_pipeline' retrieved from /opt/airflow/dags/reddit-dag.py
[2025-03-18T13:45:04.770+0000] {logging_mixin.py:190} INFO - [2025-03-18T13:45:04.770+0000] {dag.py:3239} INFO - Sync 1 DAGs
[2025-03-18T13:45:04.778+0000] {logging_mixin.py:190} INFO - [2025-03-18T13:45:04.778+0000] {dag.py:4180} INFO - Setting next_dagrun for etl_reddit_pipeline to 2025-03-18T00:00:00+00:00, run_after=2025-03-19T00:00:00+00:00
[2025-03-18T13:45:04.784+0000] {processor.py:208} INFO - Processing /opt/airflow/dags/reddit-dag.py took 0.247 seconds
[2025-03-18T13:45:34.971+0000] {processor.py:186} INFO - Started process (PID=127) to work on /opt/airflow/dags/reddit-dag.py
[2025-03-18T13:45:34.971+0000] {processor.py:914} INFO - Processing file /opt/airflow/dags/reddit-dag.py for tasks to queue
[2025-03-18T13:45:34.974+0000] {logging_mixin.py:190} INFO - [2025-03-18T13:45:34.974+0000] {dagbag.py:588} INFO - Filling up the DagBag from /opt/airflow/dags/reddit-dag.py
[2025-03-18T13:45:35.209+0000] {processor.py:925} INFO - DAG(s) 'etl_reddit_pipeline' retrieved from /opt/airflow/dags/reddit-dag.py
[2025-03-18T13:45:35.219+0000] {logging_mixin.py:190} INFO - [2025-03-18T13:45:35.218+0000] {dag.py:3239} INFO - Sync 1 DAGs
[2025-03-18T13:45:35.228+0000] {logging_mixin.py:190} INFO - [2025-03-18T13:45:35.228+0000] {dag.py:4180} INFO - Setting next_dagrun for etl_reddit_pipeline to 2025-03-18T00:00:00+00:00, run_after=2025-03-19T00:00:00+00:00
[2025-03-18T13:45:35.234+0000] {processor.py:208} INFO - Processing /opt/airflow/dags/reddit-dag.py took 0.271 seconds
[2025-03-18T13:46:05.539+0000] {processor.py:186} INFO - Started process (PID=129) to work on /opt/airflow/dags/reddit-dag.py
[2025-03-18T13:46:05.540+0000] {processor.py:914} INFO - Processing file /opt/airflow/dags/reddit-dag.py for tasks to queue
[2025-03-18T13:46:05.543+0000] {logging_mixin.py:190} INFO - [2025-03-18T13:46:05.542+0000] {dagbag.py:588} INFO - Filling up the DagBag from /opt/airflow/dags/reddit-dag.py
[2025-03-18T13:46:05.801+0000] {processor.py:925} INFO - DAG(s) 'etl_reddit_pipeline' retrieved from /opt/airflow/dags/reddit-dag.py
[2025-03-18T13:46:05.813+0000] {logging_mixin.py:190} INFO - [2025-03-18T13:46:05.813+0000] {dag.py:3239} INFO - Sync 1 DAGs
[2025-03-18T13:46:05.823+0000] {logging_mixin.py:190} INFO - [2025-03-18T13:46:05.823+0000] {dag.py:4180} INFO - Setting next_dagrun for etl_reddit_pipeline to 2025-03-18T00:00:00+00:00, run_after=2025-03-19T00:00:00+00:00
[2025-03-18T13:46:05.831+0000] {processor.py:208} INFO - Processing /opt/airflow/dags/reddit-dag.py took 0.300 seconds
[2025-03-18T13:46:35.941+0000] {processor.py:186} INFO - Started process (PID=131) to work on /opt/airflow/dags/reddit-dag.py
[2025-03-18T13:46:35.942+0000] {processor.py:914} INFO - Processing file /opt/airflow/dags/reddit-dag.py for tasks to queue
[2025-03-18T13:46:35.944+0000] {logging_mixin.py:190} INFO - [2025-03-18T13:46:35.944+0000] {dagbag.py:588} INFO - Filling up the DagBag from /opt/airflow/dags/reddit-dag.py
[2025-03-18T13:46:36.216+0000] {processor.py:925} INFO - DAG(s) 'etl_reddit_pipeline' retrieved from /opt/airflow/dags/reddit-dag.py
[2025-03-18T13:46:36.227+0000] {logging_mixin.py:190} INFO - [2025-03-18T13:46:36.227+0000] {dag.py:3239} INFO - Sync 1 DAGs
[2025-03-18T13:46:36.236+0000] {logging_mixin.py:190} INFO - [2025-03-18T13:46:36.236+0000] {dag.py:4180} INFO - Setting next_dagrun for etl_reddit_pipeline to 2025-03-18T00:00:00+00:00, run_after=2025-03-19T00:00:00+00:00
[2025-03-18T13:46:36.243+0000] {processor.py:208} INFO - Processing /opt/airflow/dags/reddit-dag.py took 0.308 seconds
[2025-03-18T13:47:06.473+0000] {processor.py:186} INFO - Started process (PID=133) to work on /opt/airflow/dags/reddit-dag.py
[2025-03-18T13:47:06.474+0000] {processor.py:914} INFO - Processing file /opt/airflow/dags/reddit-dag.py for tasks to queue
[2025-03-18T13:47:06.476+0000] {logging_mixin.py:190} INFO - [2025-03-18T13:47:06.476+0000] {dagbag.py:588} INFO - Filling up the DagBag from /opt/airflow/dags/reddit-dag.py
[2025-03-18T13:47:06.663+0000] {processor.py:925} INFO - DAG(s) 'etl_reddit_pipeline' retrieved from /opt/airflow/dags/reddit-dag.py
[2025-03-18T13:47:06.670+0000] {logging_mixin.py:190} INFO - [2025-03-18T13:47:06.670+0000] {dag.py:3239} INFO - Sync 1 DAGs
[2025-03-18T13:47:06.678+0000] {logging_mixin.py:190} INFO - [2025-03-18T13:47:06.678+0000] {dag.py:4180} INFO - Setting next_dagrun for etl_reddit_pipeline to 2025-03-18T00:00:00+00:00, run_after=2025-03-19T00:00:00+00:00
[2025-03-18T13:47:06.684+0000] {processor.py:208} INFO - Processing /opt/airflow/dags/reddit-dag.py took 0.218 seconds
[2025-03-18T13:47:36.842+0000] {processor.py:186} INFO - Started process (PID=135) to work on /opt/airflow/dags/reddit-dag.py
[2025-03-18T13:47:36.842+0000] {processor.py:914} INFO - Processing file /opt/airflow/dags/reddit-dag.py for tasks to queue
[2025-03-18T13:47:36.844+0000] {logging_mixin.py:190} INFO - [2025-03-18T13:47:36.844+0000] {dagbag.py:588} INFO - Filling up the DagBag from /opt/airflow/dags/reddit-dag.py
[2025-03-18T13:47:37.035+0000] {processor.py:925} INFO - DAG(s) 'etl_reddit_pipeline' retrieved from /opt/airflow/dags/reddit-dag.py
[2025-03-18T13:47:37.043+0000] {logging_mixin.py:190} INFO - [2025-03-18T13:47:37.043+0000] {dag.py:3239} INFO - Sync 1 DAGs
[2025-03-18T13:47:37.050+0000] {logging_mixin.py:190} INFO - [2025-03-18T13:47:37.050+0000] {dag.py:4180} INFO - Setting next_dagrun for etl_reddit_pipeline to 2025-03-18T00:00:00+00:00, run_after=2025-03-19T00:00:00+00:00
[2025-03-18T13:47:37.057+0000] {processor.py:208} INFO - Processing /opt/airflow/dags/reddit-dag.py took 0.221 seconds
[2025-03-18T13:48:07.427+0000] {processor.py:186} INFO - Started process (PID=137) to work on /opt/airflow/dags/reddit-dag.py
[2025-03-18T13:48:07.428+0000] {processor.py:914} INFO - Processing file /opt/airflow/dags/reddit-dag.py for tasks to queue
[2025-03-18T13:48:07.430+0000] {logging_mixin.py:190} INFO - [2025-03-18T13:48:07.430+0000] {dagbag.py:588} INFO - Filling up the DagBag from /opt/airflow/dags/reddit-dag.py
[2025-03-18T13:48:07.610+0000] {processor.py:925} INFO - DAG(s) 'etl_reddit_pipeline' retrieved from /opt/airflow/dags/reddit-dag.py
[2025-03-18T13:48:07.618+0000] {logging_mixin.py:190} INFO - [2025-03-18T13:48:07.618+0000] {dag.py:3239} INFO - Sync 1 DAGs
[2025-03-18T13:48:07.626+0000] {logging_mixin.py:190} INFO - [2025-03-18T13:48:07.626+0000] {dag.py:4180} INFO - Setting next_dagrun for etl_reddit_pipeline to 2025-03-18T00:00:00+00:00, run_after=2025-03-19T00:00:00+00:00
[2025-03-18T13:48:07.632+0000] {processor.py:208} INFO - Processing /opt/airflow/dags/reddit-dag.py took 0.211 seconds
[2025-03-18T13:48:37.782+0000] {processor.py:186} INFO - Started process (PID=139) to work on /opt/airflow/dags/reddit-dag.py
[2025-03-18T13:48:37.783+0000] {processor.py:914} INFO - Processing file /opt/airflow/dags/reddit-dag.py for tasks to queue
[2025-03-18T13:48:37.786+0000] {logging_mixin.py:190} INFO - [2025-03-18T13:48:37.785+0000] {dagbag.py:588} INFO - Filling up the DagBag from /opt/airflow/dags/reddit-dag.py
[2025-03-18T13:48:37.974+0000] {processor.py:925} INFO - DAG(s) 'etl_reddit_pipeline' retrieved from /opt/airflow/dags/reddit-dag.py
[2025-03-18T13:48:37.982+0000] {logging_mixin.py:190} INFO - [2025-03-18T13:48:37.982+0000] {dag.py:3239} INFO - Sync 1 DAGs
[2025-03-18T13:48:37.990+0000] {logging_mixin.py:190} INFO - [2025-03-18T13:48:37.990+0000] {dag.py:4180} INFO - Setting next_dagrun for etl_reddit_pipeline to 2025-03-18T00:00:00+00:00, run_after=2025-03-19T00:00:00+00:00
[2025-03-18T13:48:37.996+0000] {processor.py:208} INFO - Processing /opt/airflow/dags/reddit-dag.py took 0.220 seconds
[2025-03-18T13:49:08.346+0000] {processor.py:186} INFO - Started process (PID=141) to work on /opt/airflow/dags/reddit-dag.py
[2025-03-18T13:49:08.347+0000] {processor.py:914} INFO - Processing file /opt/airflow/dags/reddit-dag.py for tasks to queue
[2025-03-18T13:49:08.348+0000] {logging_mixin.py:190} INFO - [2025-03-18T13:49:08.348+0000] {dagbag.py:588} INFO - Filling up the DagBag from /opt/airflow/dags/reddit-dag.py
[2025-03-18T13:49:08.579+0000] {processor.py:925} INFO - DAG(s) 'etl_reddit_pipeline' retrieved from /opt/airflow/dags/reddit-dag.py
[2025-03-18T13:49:08.588+0000] {logging_mixin.py:190} INFO - [2025-03-18T13:49:08.588+0000] {dag.py:3239} INFO - Sync 1 DAGs
[2025-03-18T13:49:08.597+0000] {logging_mixin.py:190} INFO - [2025-03-18T13:49:08.596+0000] {dag.py:4180} INFO - Setting next_dagrun for etl_reddit_pipeline to 2025-03-18T00:00:00+00:00, run_after=2025-03-19T00:00:00+00:00
[2025-03-18T13:49:08.603+0000] {processor.py:208} INFO - Processing /opt/airflow/dags/reddit-dag.py took 0.262 seconds
[2025-03-18T13:49:38.726+0000] {processor.py:186} INFO - Started process (PID=143) to work on /opt/airflow/dags/reddit-dag.py
[2025-03-18T13:49:38.727+0000] {processor.py:914} INFO - Processing file /opt/airflow/dags/reddit-dag.py for tasks to queue
[2025-03-18T13:49:38.729+0000] {logging_mixin.py:190} INFO - [2025-03-18T13:49:38.729+0000] {dagbag.py:588} INFO - Filling up the DagBag from /opt/airflow/dags/reddit-dag.py
[2025-03-18T13:49:38.953+0000] {processor.py:925} INFO - DAG(s) 'etl_reddit_pipeline' retrieved from /opt/airflow/dags/reddit-dag.py
[2025-03-18T13:49:38.962+0000] {logging_mixin.py:190} INFO - [2025-03-18T13:49:38.962+0000] {dag.py:3239} INFO - Sync 1 DAGs
[2025-03-18T13:49:38.970+0000] {logging_mixin.py:190} INFO - [2025-03-18T13:49:38.970+0000] {dag.py:4180} INFO - Setting next_dagrun for etl_reddit_pipeline to 2025-03-18T00:00:00+00:00, run_after=2025-03-19T00:00:00+00:00
[2025-03-18T13:49:38.976+0000] {processor.py:208} INFO - Processing /opt/airflow/dags/reddit-dag.py took 0.258 seconds
[2025-03-18T13:50:09.249+0000] {processor.py:186} INFO - Started process (PID=145) to work on /opt/airflow/dags/reddit-dag.py
[2025-03-18T13:50:09.250+0000] {processor.py:914} INFO - Processing file /opt/airflow/dags/reddit-dag.py for tasks to queue
[2025-03-18T13:50:09.252+0000] {logging_mixin.py:190} INFO - [2025-03-18T13:50:09.252+0000] {dagbag.py:588} INFO - Filling up the DagBag from /opt/airflow/dags/reddit-dag.py
[2025-03-18T13:50:09.460+0000] {processor.py:925} INFO - DAG(s) 'etl_reddit_pipeline' retrieved from /opt/airflow/dags/reddit-dag.py
[2025-03-18T13:50:09.468+0000] {logging_mixin.py:190} INFO - [2025-03-18T13:50:09.468+0000] {dag.py:3239} INFO - Sync 1 DAGs
[2025-03-18T13:50:09.476+0000] {logging_mixin.py:190} INFO - [2025-03-18T13:50:09.476+0000] {dag.py:4180} INFO - Setting next_dagrun for etl_reddit_pipeline to 2025-03-18T00:00:00+00:00, run_after=2025-03-19T00:00:00+00:00
[2025-03-18T13:50:09.483+0000] {processor.py:208} INFO - Processing /opt/airflow/dags/reddit-dag.py took 0.243 seconds
[2025-03-18T13:50:39.576+0000] {processor.py:186} INFO - Started process (PID=147) to work on /opt/airflow/dags/reddit-dag.py
[2025-03-18T13:50:39.577+0000] {processor.py:914} INFO - Processing file /opt/airflow/dags/reddit-dag.py for tasks to queue
[2025-03-18T13:50:39.579+0000] {logging_mixin.py:190} INFO - [2025-03-18T13:50:39.579+0000] {dagbag.py:588} INFO - Filling up the DagBag from /opt/airflow/dags/reddit-dag.py
[2025-03-18T13:50:39.784+0000] {processor.py:925} INFO - DAG(s) 'etl_reddit_pipeline' retrieved from /opt/airflow/dags/reddit-dag.py
[2025-03-18T13:50:39.792+0000] {logging_mixin.py:190} INFO - [2025-03-18T13:50:39.792+0000] {dag.py:3239} INFO - Sync 1 DAGs
[2025-03-18T13:50:39.801+0000] {logging_mixin.py:190} INFO - [2025-03-18T13:50:39.801+0000] {dag.py:4180} INFO - Setting next_dagrun for etl_reddit_pipeline to 2025-03-18T00:00:00+00:00, run_after=2025-03-19T00:00:00+00:00
[2025-03-18T13:50:39.807+0000] {processor.py:208} INFO - Processing /opt/airflow/dags/reddit-dag.py took 0.236 seconds
[2025-03-18T13:51:09.916+0000] {processor.py:186} INFO - Started process (PID=149) to work on /opt/airflow/dags/reddit-dag.py
[2025-03-18T13:51:09.917+0000] {processor.py:914} INFO - Processing file /opt/airflow/dags/reddit-dag.py for tasks to queue
[2025-03-18T13:51:09.920+0000] {logging_mixin.py:190} INFO - [2025-03-18T13:51:09.920+0000] {dagbag.py:588} INFO - Filling up the DagBag from /opt/airflow/dags/reddit-dag.py
[2025-03-18T13:51:10.138+0000] {processor.py:925} INFO - DAG(s) 'etl_reddit_pipeline' retrieved from /opt/airflow/dags/reddit-dag.py
[2025-03-18T13:51:10.147+0000] {logging_mixin.py:190} INFO - [2025-03-18T13:51:10.147+0000] {dag.py:3239} INFO - Sync 1 DAGs
[2025-03-18T13:51:10.157+0000] {logging_mixin.py:190} INFO - [2025-03-18T13:51:10.156+0000] {dag.py:4180} INFO - Setting next_dagrun for etl_reddit_pipeline to 2025-03-18T00:00:00+00:00, run_after=2025-03-19T00:00:00+00:00
[2025-03-18T13:51:10.164+0000] {processor.py:208} INFO - Processing /opt/airflow/dags/reddit-dag.py took 0.255 seconds
[2025-03-18T13:51:40.512+0000] {processor.py:186} INFO - Started process (PID=151) to work on /opt/airflow/dags/reddit-dag.py
[2025-03-18T13:51:40.513+0000] {processor.py:914} INFO - Processing file /opt/airflow/dags/reddit-dag.py for tasks to queue
[2025-03-18T13:51:40.515+0000] {logging_mixin.py:190} INFO - [2025-03-18T13:51:40.515+0000] {dagbag.py:588} INFO - Filling up the DagBag from /opt/airflow/dags/reddit-dag.py
[2025-03-18T13:51:40.716+0000] {processor.py:925} INFO - DAG(s) 'etl_reddit_pipeline' retrieved from /opt/airflow/dags/reddit-dag.py
[2025-03-18T13:51:40.724+0000] {logging_mixin.py:190} INFO - [2025-03-18T13:51:40.724+0000] {dag.py:3239} INFO - Sync 1 DAGs
[2025-03-18T13:51:40.731+0000] {logging_mixin.py:190} INFO - [2025-03-18T13:51:40.731+0000] {dag.py:4180} INFO - Setting next_dagrun for etl_reddit_pipeline to 2025-03-18T00:00:00+00:00, run_after=2025-03-19T00:00:00+00:00
[2025-03-18T13:51:40.737+0000] {processor.py:208} INFO - Processing /opt/airflow/dags/reddit-dag.py took 0.231 seconds
[2025-03-18T13:52:10.898+0000] {processor.py:186} INFO - Started process (PID=153) to work on /opt/airflow/dags/reddit-dag.py
[2025-03-18T13:52:10.899+0000] {processor.py:914} INFO - Processing file /opt/airflow/dags/reddit-dag.py for tasks to queue
[2025-03-18T13:52:10.901+0000] {logging_mixin.py:190} INFO - [2025-03-18T13:52:10.901+0000] {dagbag.py:588} INFO - Filling up the DagBag from /opt/airflow/dags/reddit-dag.py
[2025-03-18T13:52:11.097+0000] {processor.py:925} INFO - DAG(s) 'etl_reddit_pipeline' retrieved from /opt/airflow/dags/reddit-dag.py
[2025-03-18T13:52:11.105+0000] {logging_mixin.py:190} INFO - [2025-03-18T13:52:11.104+0000] {dag.py:3239} INFO - Sync 1 DAGs
[2025-03-18T13:52:11.112+0000] {logging_mixin.py:190} INFO - [2025-03-18T13:52:11.112+0000] {dag.py:4180} INFO - Setting next_dagrun for etl_reddit_pipeline to 2025-03-18T00:00:00+00:00, run_after=2025-03-19T00:00:00+00:00
[2025-03-18T13:52:11.118+0000] {processor.py:208} INFO - Processing /opt/airflow/dags/reddit-dag.py took 0.227 seconds
[2025-03-18T13:52:41.460+0000] {processor.py:186} INFO - Started process (PID=155) to work on /opt/airflow/dags/reddit-dag.py
[2025-03-18T13:52:41.461+0000] {processor.py:914} INFO - Processing file /opt/airflow/dags/reddit-dag.py for tasks to queue
[2025-03-18T13:52:41.464+0000] {logging_mixin.py:190} INFO - [2025-03-18T13:52:41.464+0000] {dagbag.py:588} INFO - Filling up the DagBag from /opt/airflow/dags/reddit-dag.py
[2025-03-18T13:52:41.677+0000] {processor.py:925} INFO - DAG(s) 'etl_reddit_pipeline' retrieved from /opt/airflow/dags/reddit-dag.py
[2025-03-18T13:52:41.685+0000] {logging_mixin.py:190} INFO - [2025-03-18T13:52:41.685+0000] {dag.py:3239} INFO - Sync 1 DAGs
[2025-03-18T13:52:41.693+0000] {logging_mixin.py:190} INFO - [2025-03-18T13:52:41.693+0000] {dag.py:4180} INFO - Setting next_dagrun for etl_reddit_pipeline to 2025-03-18T00:00:00+00:00, run_after=2025-03-19T00:00:00+00:00
[2025-03-18T13:52:41.699+0000] {processor.py:208} INFO - Processing /opt/airflow/dags/reddit-dag.py took 0.248 seconds
[2025-03-18T13:53:11.828+0000] {processor.py:186} INFO - Started process (PID=157) to work on /opt/airflow/dags/reddit-dag.py
[2025-03-18T13:53:11.829+0000] {processor.py:914} INFO - Processing file /opt/airflow/dags/reddit-dag.py for tasks to queue
[2025-03-18T13:53:11.830+0000] {logging_mixin.py:190} INFO - [2025-03-18T13:53:11.830+0000] {dagbag.py:588} INFO - Filling up the DagBag from /opt/airflow/dags/reddit-dag.py
[2025-03-18T13:53:12.040+0000] {processor.py:925} INFO - DAG(s) 'etl_reddit_pipeline' retrieved from /opt/airflow/dags/reddit-dag.py
[2025-03-18T13:53:12.048+0000] {logging_mixin.py:190} INFO - [2025-03-18T13:53:12.048+0000] {dag.py:3239} INFO - Sync 1 DAGs
[2025-03-18T13:53:12.056+0000] {logging_mixin.py:190} INFO - [2025-03-18T13:53:12.056+0000] {dag.py:4180} INFO - Setting next_dagrun for etl_reddit_pipeline to 2025-03-18T00:00:00+00:00, run_after=2025-03-19T00:00:00+00:00
[2025-03-18T13:53:12.062+0000] {processor.py:208} INFO - Processing /opt/airflow/dags/reddit-dag.py took 0.240 seconds
[2025-03-18T13:53:42.333+0000] {processor.py:186} INFO - Started process (PID=159) to work on /opt/airflow/dags/reddit-dag.py
[2025-03-18T13:53:42.335+0000] {processor.py:914} INFO - Processing file /opt/airflow/dags/reddit-dag.py for tasks to queue
[2025-03-18T13:53:42.337+0000] {logging_mixin.py:190} INFO - [2025-03-18T13:53:42.336+0000] {dagbag.py:588} INFO - Filling up the DagBag from /opt/airflow/dags/reddit-dag.py
[2025-03-18T13:53:42.568+0000] {processor.py:925} INFO - DAG(s) 'etl_reddit_pipeline' retrieved from /opt/airflow/dags/reddit-dag.py
[2025-03-18T13:53:42.577+0000] {logging_mixin.py:190} INFO - [2025-03-18T13:53:42.577+0000] {dag.py:3239} INFO - Sync 1 DAGs
[2025-03-18T13:53:42.586+0000] {logging_mixin.py:190} INFO - [2025-03-18T13:53:42.585+0000] {dag.py:4180} INFO - Setting next_dagrun for etl_reddit_pipeline to 2025-03-18T00:00:00+00:00, run_after=2025-03-19T00:00:00+00:00
[2025-03-18T13:53:42.592+0000] {processor.py:208} INFO - Processing /opt/airflow/dags/reddit-dag.py took 0.265 seconds
[2025-03-18T14:00:26.006+0000] {processor.py:186} INFO - Started process (PID=29) to work on /opt/airflow/dags/reddit-dag.py
[2025-03-18T14:00:26.006+0000] {processor.py:914} INFO - Processing file /opt/airflow/dags/reddit-dag.py for tasks to queue
[2025-03-18T14:00:26.008+0000] {logging_mixin.py:190} INFO - [2025-03-18T14:00:26.008+0000] {dagbag.py:588} INFO - Filling up the DagBag from /opt/airflow/dags/reddit-dag.py
[2025-03-18T14:00:26.245+0000] {processor.py:925} INFO - DAG(s) 'etl_reddit_pipeline' retrieved from /opt/airflow/dags/reddit-dag.py
[2025-03-18T14:00:26.306+0000] {logging_mixin.py:190} INFO - [2025-03-18T14:00:26.306+0000] {override.py:1930} INFO - Created Permission View: can edit on DAG:etl_reddit_pipeline
[2025-03-18T14:00:26.310+0000] {logging_mixin.py:190} INFO - [2025-03-18T14:00:26.310+0000] {override.py:1930} INFO - Created Permission View: can delete on DAG:etl_reddit_pipeline
[2025-03-18T14:00:26.312+0000] {logging_mixin.py:190} INFO - [2025-03-18T14:00:26.312+0000] {override.py:1930} INFO - Created Permission View: can read on DAG:etl_reddit_pipeline
[2025-03-18T14:00:26.314+0000] {logging_mixin.py:190} INFO - [2025-03-18T14:00:26.314+0000] {override.py:1930} INFO - Created Permission View: menu access on DAG Run:etl_reddit_pipeline
[2025-03-18T14:00:26.316+0000] {logging_mixin.py:190} INFO - [2025-03-18T14:00:26.316+0000] {override.py:1930} INFO - Created Permission View: can delete on DAG Run:etl_reddit_pipeline
[2025-03-18T14:00:26.318+0000] {logging_mixin.py:190} INFO - [2025-03-18T14:00:26.318+0000] {override.py:1930} INFO - Created Permission View: can create on DAG Run:etl_reddit_pipeline
[2025-03-18T14:00:26.320+0000] {logging_mixin.py:190} INFO - [2025-03-18T14:00:26.320+0000] {override.py:1930} INFO - Created Permission View: can read on DAG Run:etl_reddit_pipeline
[2025-03-18T14:00:26.320+0000] {logging_mixin.py:190} INFO - [2025-03-18T14:00:26.320+0000] {dag.py:3239} INFO - Sync 1 DAGs
[2025-03-18T14:00:26.326+0000] {logging_mixin.py:190} INFO - [2025-03-18T14:00:26.325+0000] {dag.py:3262} INFO - Creating ORM DAG for etl_reddit_pipeline
[2025-03-18T14:00:26.329+0000] {logging_mixin.py:190} INFO - [2025-03-18T14:00:26.329+0000] {dag.py:4180} INFO - Setting next_dagrun for etl_reddit_pipeline to 2025-03-17T00:00:00+00:00, run_after=2025-03-18T00:00:00+00:00
[2025-03-18T14:00:26.337+0000] {processor.py:208} INFO - Processing /opt/airflow/dags/reddit-dag.py took 0.334 seconds
[2025-03-18T14:00:56.651+0000] {processor.py:186} INFO - Started process (PID=31) to work on /opt/airflow/dags/reddit-dag.py
[2025-03-18T14:00:56.652+0000] {processor.py:914} INFO - Processing file /opt/airflow/dags/reddit-dag.py for tasks to queue
[2025-03-18T14:00:56.654+0000] {logging_mixin.py:190} INFO - [2025-03-18T14:00:56.654+0000] {dagbag.py:588} INFO - Filling up the DagBag from /opt/airflow/dags/reddit-dag.py
[2025-03-18T14:00:56.865+0000] {processor.py:925} INFO - DAG(s) 'etl_reddit_pipeline' retrieved from /opt/airflow/dags/reddit-dag.py
[2025-03-18T14:00:56.877+0000] {logging_mixin.py:190} INFO - [2025-03-18T14:00:56.876+0000] {dag.py:3239} INFO - Sync 1 DAGs
[2025-03-18T14:00:56.896+0000] {logging_mixin.py:190} INFO - [2025-03-18T14:00:56.895+0000] {dag.py:4180} INFO - Setting next_dagrun for etl_reddit_pipeline to 2025-03-18T00:00:00+00:00, run_after=2025-03-19T00:00:00+00:00
[2025-03-18T14:00:56.902+0000] {processor.py:208} INFO - Processing /opt/airflow/dags/reddit-dag.py took 0.257 seconds
[2025-03-18T14:01:27.012+0000] {processor.py:186} INFO - Started process (PID=33) to work on /opt/airflow/dags/reddit-dag.py
[2025-03-18T14:01:27.012+0000] {processor.py:914} INFO - Processing file /opt/airflow/dags/reddit-dag.py for tasks to queue
[2025-03-18T14:01:27.014+0000] {logging_mixin.py:190} INFO - [2025-03-18T14:01:27.014+0000] {dagbag.py:588} INFO - Filling up the DagBag from /opt/airflow/dags/reddit-dag.py
[2025-03-18T14:01:27.197+0000] {processor.py:925} INFO - DAG(s) 'etl_reddit_pipeline' retrieved from /opt/airflow/dags/reddit-dag.py
[2025-03-18T14:01:27.206+0000] {logging_mixin.py:190} INFO - [2025-03-18T14:01:27.206+0000] {dag.py:3239} INFO - Sync 1 DAGs
[2025-03-18T14:01:27.214+0000] {logging_mixin.py:190} INFO - [2025-03-18T14:01:27.214+0000] {dag.py:4180} INFO - Setting next_dagrun for etl_reddit_pipeline to 2025-03-18T00:00:00+00:00, run_after=2025-03-19T00:00:00+00:00
[2025-03-18T14:01:27.220+0000] {processor.py:208} INFO - Processing /opt/airflow/dags/reddit-dag.py took 0.212 seconds
[2025-03-18T14:01:28.262+0000] {processor.py:186} INFO - Started process (PID=35) to work on /opt/airflow/dags/reddit-dag.py
[2025-03-18T14:01:28.263+0000] {processor.py:914} INFO - Processing file /opt/airflow/dags/reddit-dag.py for tasks to queue
[2025-03-18T14:01:28.265+0000] {logging_mixin.py:190} INFO - [2025-03-18T14:01:28.265+0000] {dagbag.py:588} INFO - Filling up the DagBag from /opt/airflow/dags/reddit-dag.py
[2025-03-18T14:01:28.460+0000] {processor.py:925} INFO - DAG(s) 'etl_reddit_pipeline' retrieved from /opt/airflow/dags/reddit-dag.py
[2025-03-18T14:01:28.469+0000] {logging_mixin.py:190} INFO - [2025-03-18T14:01:28.469+0000] {dag.py:3239} INFO - Sync 1 DAGs
[2025-03-18T14:01:28.477+0000] {logging_mixin.py:190} INFO - [2025-03-18T14:01:28.477+0000] {dag.py:4180} INFO - Setting next_dagrun for etl_reddit_pipeline to 2025-03-18T00:00:00+00:00, run_after=2025-03-19T00:00:00+00:00
[2025-03-18T14:01:28.483+0000] {processor.py:208} INFO - Processing /opt/airflow/dags/reddit-dag.py took 0.228 seconds
[2025-03-18T14:01:58.641+0000] {processor.py:186} INFO - Started process (PID=37) to work on /opt/airflow/dags/reddit-dag.py
[2025-03-18T14:01:58.642+0000] {processor.py:914} INFO - Processing file /opt/airflow/dags/reddit-dag.py for tasks to queue
[2025-03-18T14:01:58.644+0000] {logging_mixin.py:190} INFO - [2025-03-18T14:01:58.643+0000] {dagbag.py:588} INFO - Filling up the DagBag from /opt/airflow/dags/reddit-dag.py
[2025-03-18T14:01:58.840+0000] {processor.py:925} INFO - DAG(s) 'etl_reddit_pipeline' retrieved from /opt/airflow/dags/reddit-dag.py
[2025-03-18T14:01:58.848+0000] {logging_mixin.py:190} INFO - [2025-03-18T14:01:58.848+0000] {dag.py:3239} INFO - Sync 1 DAGs
[2025-03-18T14:01:58.856+0000] {logging_mixin.py:190} INFO - [2025-03-18T14:01:58.855+0000] {dag.py:4180} INFO - Setting next_dagrun for etl_reddit_pipeline to 2025-03-18T00:00:00+00:00, run_after=2025-03-19T00:00:00+00:00
[2025-03-18T14:01:58.861+0000] {processor.py:208} INFO - Processing /opt/airflow/dags/reddit-dag.py took 0.227 seconds
[2025-03-18T14:02:29.099+0000] {processor.py:186} INFO - Started process (PID=39) to work on /opt/airflow/dags/reddit-dag.py
[2025-03-18T14:02:29.100+0000] {processor.py:914} INFO - Processing file /opt/airflow/dags/reddit-dag.py for tasks to queue
[2025-03-18T14:02:29.102+0000] {logging_mixin.py:190} INFO - [2025-03-18T14:02:29.102+0000] {dagbag.py:588} INFO - Filling up the DagBag from /opt/airflow/dags/reddit-dag.py
[2025-03-18T14:02:29.312+0000] {processor.py:925} INFO - DAG(s) 'etl_reddit_pipeline' retrieved from /opt/airflow/dags/reddit-dag.py
[2025-03-18T14:02:29.322+0000] {logging_mixin.py:190} INFO - [2025-03-18T14:02:29.321+0000] {dag.py:3239} INFO - Sync 1 DAGs
[2025-03-18T14:02:29.330+0000] {logging_mixin.py:190} INFO - [2025-03-18T14:02:29.330+0000] {dag.py:4180} INFO - Setting next_dagrun for etl_reddit_pipeline to 2025-03-18T00:00:00+00:00, run_after=2025-03-19T00:00:00+00:00
[2025-03-18T14:02:29.337+0000] {processor.py:208} INFO - Processing /opt/airflow/dags/reddit-dag.py took 0.243 seconds
[2025-03-18T14:02:59.409+0000] {processor.py:186} INFO - Started process (PID=41) to work on /opt/airflow/dags/reddit-dag.py
[2025-03-18T14:02:59.410+0000] {processor.py:914} INFO - Processing file /opt/airflow/dags/reddit-dag.py for tasks to queue
[2025-03-18T14:02:59.413+0000] {logging_mixin.py:190} INFO - [2025-03-18T14:02:59.412+0000] {dagbag.py:588} INFO - Filling up the DagBag from /opt/airflow/dags/reddit-dag.py
[2025-03-18T14:02:59.684+0000] {processor.py:925} INFO - DAG(s) 'etl_reddit_pipeline' retrieved from /opt/airflow/dags/reddit-dag.py
[2025-03-18T14:02:59.693+0000] {logging_mixin.py:190} INFO - [2025-03-18T14:02:59.693+0000] {dag.py:3239} INFO - Sync 1 DAGs
[2025-03-18T14:02:59.702+0000] {logging_mixin.py:190} INFO - [2025-03-18T14:02:59.702+0000] {dag.py:4180} INFO - Setting next_dagrun for etl_reddit_pipeline to 2025-03-18T00:00:00+00:00, run_after=2025-03-19T00:00:00+00:00
[2025-03-18T14:02:59.709+0000] {processor.py:208} INFO - Processing /opt/airflow/dags/reddit-dag.py took 0.305 seconds
[2025-03-18T14:03:30.099+0000] {processor.py:186} INFO - Started process (PID=43) to work on /opt/airflow/dags/reddit-dag.py
[2025-03-18T14:03:30.100+0000] {processor.py:914} INFO - Processing file /opt/airflow/dags/reddit-dag.py for tasks to queue
[2025-03-18T14:03:30.102+0000] {logging_mixin.py:190} INFO - [2025-03-18T14:03:30.102+0000] {dagbag.py:588} INFO - Filling up the DagBag from /opt/airflow/dags/reddit-dag.py
[2025-03-18T14:03:30.287+0000] {processor.py:925} INFO - DAG(s) 'etl_reddit_pipeline' retrieved from /opt/airflow/dags/reddit-dag.py
[2025-03-18T14:03:30.295+0000] {logging_mixin.py:190} INFO - [2025-03-18T14:03:30.295+0000] {dag.py:3239} INFO - Sync 1 DAGs
[2025-03-18T14:03:30.303+0000] {logging_mixin.py:190} INFO - [2025-03-18T14:03:30.303+0000] {dag.py:4180} INFO - Setting next_dagrun for etl_reddit_pipeline to 2025-03-18T00:00:00+00:00, run_after=2025-03-19T00:00:00+00:00
[2025-03-18T14:03:30.309+0000] {processor.py:208} INFO - Processing /opt/airflow/dags/reddit-dag.py took 0.216 seconds
[2025-03-18T14:04:00.476+0000] {processor.py:186} INFO - Started process (PID=45) to work on /opt/airflow/dags/reddit-dag.py
[2025-03-18T14:04:00.477+0000] {processor.py:914} INFO - Processing file /opt/airflow/dags/reddit-dag.py for tasks to queue
[2025-03-18T14:04:00.479+0000] {logging_mixin.py:190} INFO - [2025-03-18T14:04:00.479+0000] {dagbag.py:588} INFO - Filling up the DagBag from /opt/airflow/dags/reddit-dag.py
[2025-03-18T14:04:00.666+0000] {processor.py:925} INFO - DAG(s) 'etl_reddit_pipeline' retrieved from /opt/airflow/dags/reddit-dag.py
[2025-03-18T14:04:00.674+0000] {logging_mixin.py:190} INFO - [2025-03-18T14:04:00.674+0000] {dag.py:3239} INFO - Sync 1 DAGs
[2025-03-18T14:04:00.682+0000] {logging_mixin.py:190} INFO - [2025-03-18T14:04:00.681+0000] {dag.py:4180} INFO - Setting next_dagrun for etl_reddit_pipeline to 2025-03-18T00:00:00+00:00, run_after=2025-03-19T00:00:00+00:00
[2025-03-18T14:04:00.687+0000] {processor.py:208} INFO - Processing /opt/airflow/dags/reddit-dag.py took 0.217 seconds
[2025-03-18T14:04:31.060+0000] {processor.py:186} INFO - Started process (PID=47) to work on /opt/airflow/dags/reddit-dag.py
[2025-03-18T14:04:31.061+0000] {processor.py:914} INFO - Processing file /opt/airflow/dags/reddit-dag.py for tasks to queue
[2025-03-18T14:04:31.063+0000] {logging_mixin.py:190} INFO - [2025-03-18T14:04:31.063+0000] {dagbag.py:588} INFO - Filling up the DagBag from /opt/airflow/dags/reddit-dag.py
[2025-03-18T14:04:31.250+0000] {processor.py:925} INFO - DAG(s) 'etl_reddit_pipeline' retrieved from /opt/airflow/dags/reddit-dag.py
[2025-03-18T14:04:31.258+0000] {logging_mixin.py:190} INFO - [2025-03-18T14:04:31.258+0000] {dag.py:3239} INFO - Sync 1 DAGs
[2025-03-18T14:04:31.266+0000] {logging_mixin.py:190} INFO - [2025-03-18T14:04:31.266+0000] {dag.py:4180} INFO - Setting next_dagrun for etl_reddit_pipeline to 2025-03-18T00:00:00+00:00, run_after=2025-03-19T00:00:00+00:00
[2025-03-18T14:04:31.271+0000] {processor.py:208} INFO - Processing /opt/airflow/dags/reddit-dag.py took 0.217 seconds
[2025-03-18T14:05:01.430+0000] {processor.py:186} INFO - Started process (PID=49) to work on /opt/airflow/dags/reddit-dag.py
[2025-03-18T14:05:01.430+0000] {processor.py:914} INFO - Processing file /opt/airflow/dags/reddit-dag.py for tasks to queue
[2025-03-18T14:05:01.433+0000] {logging_mixin.py:190} INFO - [2025-03-18T14:05:01.432+0000] {dagbag.py:588} INFO - Filling up the DagBag from /opt/airflow/dags/reddit-dag.py
[2025-03-18T14:05:01.621+0000] {processor.py:925} INFO - DAG(s) 'etl_reddit_pipeline' retrieved from /opt/airflow/dags/reddit-dag.py
[2025-03-18T14:05:01.629+0000] {logging_mixin.py:190} INFO - [2025-03-18T14:05:01.628+0000] {dag.py:3239} INFO - Sync 1 DAGs
[2025-03-18T14:05:01.636+0000] {logging_mixin.py:190} INFO - [2025-03-18T14:05:01.636+0000] {dag.py:4180} INFO - Setting next_dagrun for etl_reddit_pipeline to 2025-03-18T00:00:00+00:00, run_after=2025-03-19T00:00:00+00:00
[2025-03-18T14:05:01.642+0000] {processor.py:208} INFO - Processing /opt/airflow/dags/reddit-dag.py took 0.219 seconds
[2025-03-18T14:05:32.035+0000] {processor.py:186} INFO - Started process (PID=51) to work on /opt/airflow/dags/reddit-dag.py
[2025-03-18T14:05:32.036+0000] {processor.py:914} INFO - Processing file /opt/airflow/dags/reddit-dag.py for tasks to queue
[2025-03-18T14:05:32.038+0000] {logging_mixin.py:190} INFO - [2025-03-18T14:05:32.038+0000] {dagbag.py:588} INFO - Filling up the DagBag from /opt/airflow/dags/reddit-dag.py
[2025-03-18T14:05:32.226+0000] {processor.py:925} INFO - DAG(s) 'etl_reddit_pipeline' retrieved from /opt/airflow/dags/reddit-dag.py
[2025-03-18T14:05:32.234+0000] {logging_mixin.py:190} INFO - [2025-03-18T14:05:32.234+0000] {dag.py:3239} INFO - Sync 1 DAGs
[2025-03-18T14:05:32.242+0000] {logging_mixin.py:190} INFO - [2025-03-18T14:05:32.242+0000] {dag.py:4180} INFO - Setting next_dagrun for etl_reddit_pipeline to 2025-03-18T00:00:00+00:00, run_after=2025-03-19T00:00:00+00:00
[2025-03-18T14:05:32.248+0000] {processor.py:208} INFO - Processing /opt/airflow/dags/reddit-dag.py took 0.218 seconds
[2025-03-18T14:06:02.424+0000] {processor.py:186} INFO - Started process (PID=53) to work on /opt/airflow/dags/reddit-dag.py
[2025-03-18T14:06:02.425+0000] {processor.py:914} INFO - Processing file /opt/airflow/dags/reddit-dag.py for tasks to queue
[2025-03-18T14:06:02.427+0000] {logging_mixin.py:190} INFO - [2025-03-18T14:06:02.426+0000] {dagbag.py:588} INFO - Filling up the DagBag from /opt/airflow/dags/reddit-dag.py
[2025-03-18T14:06:02.620+0000] {processor.py:925} INFO - DAG(s) 'etl_reddit_pipeline' retrieved from /opt/airflow/dags/reddit-dag.py
[2025-03-18T14:06:02.628+0000] {logging_mixin.py:190} INFO - [2025-03-18T14:06:02.628+0000] {dag.py:3239} INFO - Sync 1 DAGs
[2025-03-18T14:06:02.636+0000] {logging_mixin.py:190} INFO - [2025-03-18T14:06:02.636+0000] {dag.py:4180} INFO - Setting next_dagrun for etl_reddit_pipeline to 2025-03-18T00:00:00+00:00, run_after=2025-03-19T00:00:00+00:00
[2025-03-18T14:06:02.642+0000] {processor.py:208} INFO - Processing /opt/airflow/dags/reddit-dag.py took 0.224 seconds
[2025-03-18T14:06:33.057+0000] {processor.py:186} INFO - Started process (PID=55) to work on /opt/airflow/dags/reddit-dag.py
[2025-03-18T14:06:33.058+0000] {processor.py:914} INFO - Processing file /opt/airflow/dags/reddit-dag.py for tasks to queue
[2025-03-18T14:06:33.060+0000] {logging_mixin.py:190} INFO - [2025-03-18T14:06:33.060+0000] {dagbag.py:588} INFO - Filling up the DagBag from /opt/airflow/dags/reddit-dag.py
[2025-03-18T14:06:33.251+0000] {processor.py:925} INFO - DAG(s) 'etl_reddit_pipeline' retrieved from /opt/airflow/dags/reddit-dag.py
[2025-03-18T14:06:33.259+0000] {logging_mixin.py:190} INFO - [2025-03-18T14:06:33.259+0000] {dag.py:3239} INFO - Sync 1 DAGs
[2025-03-18T14:06:33.267+0000] {logging_mixin.py:190} INFO - [2025-03-18T14:06:33.267+0000] {dag.py:4180} INFO - Setting next_dagrun for etl_reddit_pipeline to 2025-03-18T00:00:00+00:00, run_after=2025-03-19T00:00:00+00:00
[2025-03-18T14:06:33.272+0000] {processor.py:208} INFO - Processing /opt/airflow/dags/reddit-dag.py took 0.221 seconds
[2025-03-18T14:07:03.484+0000] {processor.py:186} INFO - Started process (PID=57) to work on /opt/airflow/dags/reddit-dag.py
[2025-03-18T14:07:03.485+0000] {processor.py:914} INFO - Processing file /opt/airflow/dags/reddit-dag.py for tasks to queue
[2025-03-18T14:07:03.488+0000] {logging_mixin.py:190} INFO - [2025-03-18T14:07:03.487+0000] {dagbag.py:588} INFO - Filling up the DagBag from /opt/airflow/dags/reddit-dag.py
[2025-03-18T14:07:03.675+0000] {processor.py:925} INFO - DAG(s) 'etl_reddit_pipeline' retrieved from /opt/airflow/dags/reddit-dag.py
[2025-03-18T14:07:03.683+0000] {logging_mixin.py:190} INFO - [2025-03-18T14:07:03.683+0000] {dag.py:3239} INFO - Sync 1 DAGs
[2025-03-18T14:07:03.691+0000] {logging_mixin.py:190} INFO - [2025-03-18T14:07:03.691+0000] {dag.py:4180} INFO - Setting next_dagrun for etl_reddit_pipeline to 2025-03-18T00:00:00+00:00, run_after=2025-03-19T00:00:00+00:00
[2025-03-18T14:07:03.697+0000] {processor.py:208} INFO - Processing /opt/airflow/dags/reddit-dag.py took 0.219 seconds
[2025-03-18T14:13:31.003+0000] {processor.py:186} INFO - Started process (PID=59) to work on /opt/airflow/dags/reddit-dag.py
[2025-03-18T14:13:31.004+0000] {processor.py:914} INFO - Processing file /opt/airflow/dags/reddit-dag.py for tasks to queue
[2025-03-18T14:13:31.009+0000] {logging_mixin.py:190} INFO - [2025-03-18T14:13:31.009+0000] {dagbag.py:588} INFO - Filling up the DagBag from /opt/airflow/dags/reddit-dag.py
[2025-03-18T14:13:31.434+0000] {processor.py:925} INFO - DAG(s) 'etl_reddit_pipeline' retrieved from /opt/airflow/dags/reddit-dag.py
[2025-03-18T14:13:31.449+0000] {logging_mixin.py:190} INFO - [2025-03-18T14:13:31.449+0000] {dag.py:3239} INFO - Sync 1 DAGs
[2025-03-18T14:13:31.463+0000] {logging_mixin.py:190} INFO - [2025-03-18T14:13:31.463+0000] {dag.py:4180} INFO - Setting next_dagrun for etl_reddit_pipeline to 2025-03-18T00:00:00+00:00, run_after=2025-03-19T00:00:00+00:00
[2025-03-18T14:13:31.478+0000] {processor.py:208} INFO - Processing /opt/airflow/dags/reddit-dag.py took 0.488 seconds
[2025-03-18T14:14:01.830+0000] {processor.py:186} INFO - Started process (PID=61) to work on /opt/airflow/dags/reddit-dag.py
[2025-03-18T14:14:01.831+0000] {processor.py:914} INFO - Processing file /opt/airflow/dags/reddit-dag.py for tasks to queue
[2025-03-18T14:14:01.835+0000] {logging_mixin.py:190} INFO - [2025-03-18T14:14:01.835+0000] {dagbag.py:588} INFO - Filling up the DagBag from /opt/airflow/dags/reddit-dag.py
[2025-03-18T14:14:02.076+0000] {processor.py:925} INFO - DAG(s) 'etl_reddit_pipeline' retrieved from /opt/airflow/dags/reddit-dag.py
[2025-03-18T14:14:02.085+0000] {logging_mixin.py:190} INFO - [2025-03-18T14:14:02.084+0000] {dag.py:3239} INFO - Sync 1 DAGs
[2025-03-18T14:14:02.094+0000] {logging_mixin.py:190} INFO - [2025-03-18T14:14:02.094+0000] {dag.py:4180} INFO - Setting next_dagrun for etl_reddit_pipeline to 2025-03-18T00:00:00+00:00, run_after=2025-03-19T00:00:00+00:00
[2025-03-18T14:14:02.100+0000] {processor.py:208} INFO - Processing /opt/airflow/dags/reddit-dag.py took 0.278 seconds
[2025-03-18T14:14:32.143+0000] {processor.py:186} INFO - Started process (PID=63) to work on /opt/airflow/dags/reddit-dag.py
[2025-03-18T14:14:32.144+0000] {processor.py:914} INFO - Processing file /opt/airflow/dags/reddit-dag.py for tasks to queue
[2025-03-18T14:14:32.147+0000] {logging_mixin.py:190} INFO - [2025-03-18T14:14:32.147+0000] {dagbag.py:588} INFO - Filling up the DagBag from /opt/airflow/dags/reddit-dag.py
[2025-03-18T14:14:32.389+0000] {processor.py:925} INFO - DAG(s) 'etl_reddit_pipeline' retrieved from /opt/airflow/dags/reddit-dag.py
[2025-03-18T14:14:32.398+0000] {logging_mixin.py:190} INFO - [2025-03-18T14:14:32.398+0000] {dag.py:3239} INFO - Sync 1 DAGs
[2025-03-18T14:14:32.406+0000] {logging_mixin.py:190} INFO - [2025-03-18T14:14:32.406+0000] {dag.py:4180} INFO - Setting next_dagrun for etl_reddit_pipeline to 2025-03-18T00:00:00+00:00, run_after=2025-03-19T00:00:00+00:00
[2025-03-18T14:14:32.412+0000] {processor.py:208} INFO - Processing /opt/airflow/dags/reddit-dag.py took 0.276 seconds
[2025-03-18T14:15:02.460+0000] {processor.py:186} INFO - Started process (PID=65) to work on /opt/airflow/dags/reddit-dag.py
[2025-03-18T14:15:02.461+0000] {processor.py:914} INFO - Processing file /opt/airflow/dags/reddit-dag.py for tasks to queue
[2025-03-18T14:15:02.463+0000] {logging_mixin.py:190} INFO - [2025-03-18T14:15:02.463+0000] {dagbag.py:588} INFO - Filling up the DagBag from /opt/airflow/dags/reddit-dag.py
[2025-03-18T14:15:02.681+0000] {processor.py:925} INFO - DAG(s) 'etl_reddit_pipeline' retrieved from /opt/airflow/dags/reddit-dag.py
[2025-03-18T14:15:02.691+0000] {logging_mixin.py:190} INFO - [2025-03-18T14:15:02.690+0000] {dag.py:3239} INFO - Sync 1 DAGs
[2025-03-18T14:15:02.699+0000] {logging_mixin.py:190} INFO - [2025-03-18T14:15:02.699+0000] {dag.py:4180} INFO - Setting next_dagrun for etl_reddit_pipeline to 2025-03-18T00:00:00+00:00, run_after=2025-03-19T00:00:00+00:00
[2025-03-18T14:15:02.705+0000] {processor.py:208} INFO - Processing /opt/airflow/dags/reddit-dag.py took 0.254 seconds
[2025-03-18T14:15:32.784+0000] {processor.py:186} INFO - Started process (PID=67) to work on /opt/airflow/dags/reddit-dag.py
[2025-03-18T14:15:32.785+0000] {processor.py:914} INFO - Processing file /opt/airflow/dags/reddit-dag.py for tasks to queue
[2025-03-18T14:15:32.787+0000] {logging_mixin.py:190} INFO - [2025-03-18T14:15:32.787+0000] {dagbag.py:588} INFO - Filling up the DagBag from /opt/airflow/dags/reddit-dag.py
[2025-03-18T14:15:32.996+0000] {processor.py:925} INFO - DAG(s) 'etl_reddit_pipeline' retrieved from /opt/airflow/dags/reddit-dag.py
[2025-03-18T14:15:33.004+0000] {logging_mixin.py:190} INFO - [2025-03-18T14:15:33.004+0000] {dag.py:3239} INFO - Sync 1 DAGs
[2025-03-18T14:15:33.012+0000] {logging_mixin.py:190} INFO - [2025-03-18T14:15:33.012+0000] {dag.py:4180} INFO - Setting next_dagrun for etl_reddit_pipeline to 2025-03-18T00:00:00+00:00, run_after=2025-03-19T00:00:00+00:00
[2025-03-18T14:15:33.018+0000] {processor.py:208} INFO - Processing /opt/airflow/dags/reddit-dag.py took 0.243 seconds
[2025-03-18T14:16:03.178+0000] {processor.py:186} INFO - Started process (PID=69) to work on /opt/airflow/dags/reddit-dag.py
[2025-03-18T14:16:03.179+0000] {processor.py:914} INFO - Processing file /opt/airflow/dags/reddit-dag.py for tasks to queue
[2025-03-18T14:16:03.183+0000] {logging_mixin.py:190} INFO - [2025-03-18T14:16:03.182+0000] {dagbag.py:588} INFO - Filling up the DagBag from /opt/airflow/dags/reddit-dag.py
[2025-03-18T14:16:03.378+0000] {processor.py:925} INFO - DAG(s) 'etl_reddit_pipeline' retrieved from /opt/airflow/dags/reddit-dag.py
[2025-03-18T14:16:03.386+0000] {logging_mixin.py:190} INFO - [2025-03-18T14:16:03.386+0000] {dag.py:3239} INFO - Sync 1 DAGs
[2025-03-18T14:16:03.394+0000] {logging_mixin.py:190} INFO - [2025-03-18T14:16:03.394+0000] {dag.py:4180} INFO - Setting next_dagrun for etl_reddit_pipeline to 2025-03-18T00:00:00+00:00, run_after=2025-03-19T00:00:00+00:00
[2025-03-18T14:16:03.400+0000] {processor.py:208} INFO - Processing /opt/airflow/dags/reddit-dag.py took 0.231 seconds
[2025-03-18T14:16:33.732+0000] {processor.py:186} INFO - Started process (PID=71) to work on /opt/airflow/dags/reddit-dag.py
[2025-03-18T14:16:33.732+0000] {processor.py:914} INFO - Processing file /opt/airflow/dags/reddit-dag.py for tasks to queue
[2025-03-18T14:16:33.734+0000] {logging_mixin.py:190} INFO - [2025-03-18T14:16:33.734+0000] {dagbag.py:588} INFO - Filling up the DagBag from /opt/airflow/dags/reddit-dag.py
[2025-03-18T14:16:33.962+0000] {processor.py:925} INFO - DAG(s) 'etl_reddit_pipeline' retrieved from /opt/airflow/dags/reddit-dag.py
[2025-03-18T14:16:33.970+0000] {logging_mixin.py:190} INFO - [2025-03-18T14:16:33.970+0000] {dag.py:3239} INFO - Sync 1 DAGs
[2025-03-18T14:16:33.979+0000] {logging_mixin.py:190} INFO - [2025-03-18T14:16:33.979+0000] {dag.py:4180} INFO - Setting next_dagrun for etl_reddit_pipeline to 2025-03-18T00:00:00+00:00, run_after=2025-03-19T00:00:00+00:00
[2025-03-18T14:16:33.985+0000] {processor.py:208} INFO - Processing /opt/airflow/dags/reddit-dag.py took 0.259 seconds
[2025-03-18T14:17:04.116+0000] {processor.py:186} INFO - Started process (PID=73) to work on /opt/airflow/dags/reddit-dag.py
[2025-03-18T14:17:04.117+0000] {processor.py:914} INFO - Processing file /opt/airflow/dags/reddit-dag.py for tasks to queue
[2025-03-18T14:17:04.119+0000] {logging_mixin.py:190} INFO - [2025-03-18T14:17:04.119+0000] {dagbag.py:588} INFO - Filling up the DagBag from /opt/airflow/dags/reddit-dag.py
[2025-03-18T14:17:04.326+0000] {processor.py:925} INFO - DAG(s) 'etl_reddit_pipeline' retrieved from /opt/airflow/dags/reddit-dag.py
[2025-03-18T14:17:04.335+0000] {logging_mixin.py:190} INFO - [2025-03-18T14:17:04.335+0000] {dag.py:3239} INFO - Sync 1 DAGs
[2025-03-18T14:17:04.345+0000] {logging_mixin.py:190} INFO - [2025-03-18T14:17:04.345+0000] {dag.py:4180} INFO - Setting next_dagrun for etl_reddit_pipeline to 2025-03-18T00:00:00+00:00, run_after=2025-03-19T00:00:00+00:00
[2025-03-18T14:17:04.351+0000] {processor.py:208} INFO - Processing /opt/airflow/dags/reddit-dag.py took 0.241 seconds
[2025-03-18T14:17:34.698+0000] {processor.py:186} INFO - Started process (PID=75) to work on /opt/airflow/dags/reddit-dag.py
[2025-03-18T14:17:34.699+0000] {processor.py:914} INFO - Processing file /opt/airflow/dags/reddit-dag.py for tasks to queue
[2025-03-18T14:17:34.701+0000] {logging_mixin.py:190} INFO - [2025-03-18T14:17:34.701+0000] {dagbag.py:588} INFO - Filling up the DagBag from /opt/airflow/dags/reddit-dag.py
[2025-03-18T14:17:34.897+0000] {processor.py:925} INFO - DAG(s) 'etl_reddit_pipeline' retrieved from /opt/airflow/dags/reddit-dag.py
[2025-03-18T14:17:34.905+0000] {logging_mixin.py:190} INFO - [2025-03-18T14:17:34.905+0000] {dag.py:3239} INFO - Sync 1 DAGs
[2025-03-18T14:17:34.914+0000] {logging_mixin.py:190} INFO - [2025-03-18T14:17:34.913+0000] {dag.py:4180} INFO - Setting next_dagrun for etl_reddit_pipeline to 2025-03-18T00:00:00+00:00, run_after=2025-03-19T00:00:00+00:00
[2025-03-18T14:17:34.919+0000] {processor.py:208} INFO - Processing /opt/airflow/dags/reddit-dag.py took 0.226 seconds
[2025-03-18T14:18:05.066+0000] {processor.py:186} INFO - Started process (PID=77) to work on /opt/airflow/dags/reddit-dag.py
[2025-03-18T14:18:05.067+0000] {processor.py:914} INFO - Processing file /opt/airflow/dags/reddit-dag.py for tasks to queue
[2025-03-18T14:18:05.069+0000] {logging_mixin.py:190} INFO - [2025-03-18T14:18:05.069+0000] {dagbag.py:588} INFO - Filling up the DagBag from /opt/airflow/dags/reddit-dag.py
[2025-03-18T14:18:05.271+0000] {processor.py:925} INFO - DAG(s) 'etl_reddit_pipeline' retrieved from /opt/airflow/dags/reddit-dag.py
[2025-03-18T14:18:05.279+0000] {logging_mixin.py:190} INFO - [2025-03-18T14:18:05.279+0000] {dag.py:3239} INFO - Sync 1 DAGs
[2025-03-18T14:18:05.287+0000] {logging_mixin.py:190} INFO - [2025-03-18T14:18:05.286+0000] {dag.py:4180} INFO - Setting next_dagrun for etl_reddit_pipeline to 2025-03-18T00:00:00+00:00, run_after=2025-03-19T00:00:00+00:00
[2025-03-18T14:18:05.293+0000] {processor.py:208} INFO - Processing /opt/airflow/dags/reddit-dag.py took 0.233 seconds
[2025-03-18T14:18:35.677+0000] {processor.py:186} INFO - Started process (PID=79) to work on /opt/airflow/dags/reddit-dag.py
[2025-03-18T14:18:35.678+0000] {processor.py:914} INFO - Processing file /opt/airflow/dags/reddit-dag.py for tasks to queue
[2025-03-18T14:18:35.681+0000] {logging_mixin.py:190} INFO - [2025-03-18T14:18:35.681+0000] {dagbag.py:588} INFO - Filling up the DagBag from /opt/airflow/dags/reddit-dag.py
[2025-03-18T14:18:35.919+0000] {processor.py:925} INFO - DAG(s) 'etl_reddit_pipeline' retrieved from /opt/airflow/dags/reddit-dag.py
[2025-03-18T14:18:35.928+0000] {logging_mixin.py:190} INFO - [2025-03-18T14:18:35.927+0000] {dag.py:3239} INFO - Sync 1 DAGs
[2025-03-18T14:18:35.935+0000] {logging_mixin.py:190} INFO - [2025-03-18T14:18:35.935+0000] {dag.py:4180} INFO - Setting next_dagrun for etl_reddit_pipeline to 2025-03-18T00:00:00+00:00, run_after=2025-03-19T00:00:00+00:00
[2025-03-18T14:18:35.942+0000] {processor.py:208} INFO - Processing /opt/airflow/dags/reddit-dag.py took 0.271 seconds
[2025-03-18T14:19:06.037+0000] {processor.py:186} INFO - Started process (PID=81) to work on /opt/airflow/dags/reddit-dag.py
[2025-03-18T14:19:06.038+0000] {processor.py:914} INFO - Processing file /opt/airflow/dags/reddit-dag.py for tasks to queue
[2025-03-18T14:19:06.040+0000] {logging_mixin.py:190} INFO - [2025-03-18T14:19:06.040+0000] {dagbag.py:588} INFO - Filling up the DagBag from /opt/airflow/dags/reddit-dag.py
[2025-03-18T14:19:06.295+0000] {processor.py:925} INFO - DAG(s) 'etl_reddit_pipeline' retrieved from /opt/airflow/dags/reddit-dag.py
[2025-03-18T14:19:06.305+0000] {logging_mixin.py:190} INFO - [2025-03-18T14:19:06.305+0000] {dag.py:3239} INFO - Sync 1 DAGs
[2025-03-18T14:19:06.315+0000] {logging_mixin.py:190} INFO - [2025-03-18T14:19:06.315+0000] {dag.py:4180} INFO - Setting next_dagrun for etl_reddit_pipeline to 2025-03-18T00:00:00+00:00, run_after=2025-03-19T00:00:00+00:00
[2025-03-18T14:19:06.322+0000] {processor.py:208} INFO - Processing /opt/airflow/dags/reddit-dag.py took 0.291 seconds
[2025-03-18T14:19:36.672+0000] {processor.py:186} INFO - Started process (PID=83) to work on /opt/airflow/dags/reddit-dag.py
[2025-03-18T14:19:36.673+0000] {processor.py:914} INFO - Processing file /opt/airflow/dags/reddit-dag.py for tasks to queue
[2025-03-18T14:19:36.675+0000] {logging_mixin.py:190} INFO - [2025-03-18T14:19:36.675+0000] {dagbag.py:588} INFO - Filling up the DagBag from /opt/airflow/dags/reddit-dag.py
[2025-03-18T14:19:36.927+0000] {processor.py:925} INFO - DAG(s) 'etl_reddit_pipeline' retrieved from /opt/airflow/dags/reddit-dag.py
[2025-03-18T14:19:36.938+0000] {logging_mixin.py:190} INFO - [2025-03-18T14:19:36.938+0000] {dag.py:3239} INFO - Sync 1 DAGs
[2025-03-18T14:19:36.950+0000] {logging_mixin.py:190} INFO - [2025-03-18T14:19:36.950+0000] {dag.py:4180} INFO - Setting next_dagrun for etl_reddit_pipeline to 2025-03-18T00:00:00+00:00, run_after=2025-03-19T00:00:00+00:00
[2025-03-18T14:19:36.959+0000] {processor.py:208} INFO - Processing /opt/airflow/dags/reddit-dag.py took 0.293 seconds
[2025-03-18T14:20:07.047+0000] {processor.py:186} INFO - Started process (PID=85) to work on /opt/airflow/dags/reddit-dag.py
[2025-03-18T14:20:07.048+0000] {processor.py:914} INFO - Processing file /opt/airflow/dags/reddit-dag.py for tasks to queue
[2025-03-18T14:20:07.051+0000] {logging_mixin.py:190} INFO - [2025-03-18T14:20:07.051+0000] {dagbag.py:588} INFO - Filling up the DagBag from /opt/airflow/dags/reddit-dag.py
[2025-03-18T14:20:07.283+0000] {processor.py:925} INFO - DAG(s) 'etl_reddit_pipeline' retrieved from /opt/airflow/dags/reddit-dag.py
[2025-03-18T14:20:07.292+0000] {logging_mixin.py:190} INFO - [2025-03-18T14:20:07.292+0000] {dag.py:3239} INFO - Sync 1 DAGs
[2025-03-18T14:20:07.300+0000] {logging_mixin.py:190} INFO - [2025-03-18T14:20:07.300+0000] {dag.py:4180} INFO - Setting next_dagrun for etl_reddit_pipeline to 2025-03-18T00:00:00+00:00, run_after=2025-03-19T00:00:00+00:00
[2025-03-18T14:20:07.306+0000] {processor.py:208} INFO - Processing /opt/airflow/dags/reddit-dag.py took 0.264 seconds
[2025-03-18T14:20:37.703+0000] {processor.py:186} INFO - Started process (PID=87) to work on /opt/airflow/dags/reddit-dag.py
[2025-03-18T14:20:37.703+0000] {processor.py:914} INFO - Processing file /opt/airflow/dags/reddit-dag.py for tasks to queue
[2025-03-18T14:20:37.705+0000] {logging_mixin.py:190} INFO - [2025-03-18T14:20:37.705+0000] {dagbag.py:588} INFO - Filling up the DagBag from /opt/airflow/dags/reddit-dag.py
[2025-03-18T14:20:37.910+0000] {processor.py:925} INFO - DAG(s) 'etl_reddit_pipeline' retrieved from /opt/airflow/dags/reddit-dag.py
[2025-03-18T14:20:37.918+0000] {logging_mixin.py:190} INFO - [2025-03-18T14:20:37.918+0000] {dag.py:3239} INFO - Sync 1 DAGs
[2025-03-18T14:20:37.926+0000] {logging_mixin.py:190} INFO - [2025-03-18T14:20:37.926+0000] {dag.py:4180} INFO - Setting next_dagrun for etl_reddit_pipeline to 2025-03-18T00:00:00+00:00, run_after=2025-03-19T00:00:00+00:00
[2025-03-18T14:20:37.932+0000] {processor.py:208} INFO - Processing /opt/airflow/dags/reddit-dag.py took 0.235 seconds
[2025-03-18T14:21:08.076+0000] {processor.py:186} INFO - Started process (PID=89) to work on /opt/airflow/dags/reddit-dag.py
[2025-03-18T14:21:08.078+0000] {processor.py:914} INFO - Processing file /opt/airflow/dags/reddit-dag.py for tasks to queue
[2025-03-18T14:21:08.081+0000] {logging_mixin.py:190} INFO - [2025-03-18T14:21:08.080+0000] {dagbag.py:588} INFO - Filling up the DagBag from /opt/airflow/dags/reddit-dag.py
[2025-03-18T14:21:08.276+0000] {processor.py:925} INFO - DAG(s) 'etl_reddit_pipeline' retrieved from /opt/airflow/dags/reddit-dag.py
[2025-03-18T14:21:08.286+0000] {logging_mixin.py:190} INFO - [2025-03-18T14:21:08.285+0000] {dag.py:3239} INFO - Sync 1 DAGs
[2025-03-18T14:21:08.295+0000] {logging_mixin.py:190} INFO - [2025-03-18T14:21:08.295+0000] {dag.py:4180} INFO - Setting next_dagrun for etl_reddit_pipeline to 2025-03-18T00:00:00+00:00, run_after=2025-03-19T00:00:00+00:00
[2025-03-18T14:21:08.301+0000] {processor.py:208} INFO - Processing /opt/airflow/dags/reddit-dag.py took 0.231 seconds
[2025-03-18T14:21:38.634+0000] {processor.py:186} INFO - Started process (PID=91) to work on /opt/airflow/dags/reddit-dag.py
[2025-03-18T14:21:38.634+0000] {processor.py:914} INFO - Processing file /opt/airflow/dags/reddit-dag.py for tasks to queue
[2025-03-18T14:21:38.637+0000] {logging_mixin.py:190} INFO - [2025-03-18T14:21:38.637+0000] {dagbag.py:588} INFO - Filling up the DagBag from /opt/airflow/dags/reddit-dag.py
[2025-03-18T14:21:38.898+0000] {processor.py:925} INFO - DAG(s) 'etl_reddit_pipeline' retrieved from /opt/airflow/dags/reddit-dag.py
[2025-03-18T14:21:38.907+0000] {logging_mixin.py:190} INFO - [2025-03-18T14:21:38.907+0000] {dag.py:3239} INFO - Sync 1 DAGs
[2025-03-18T14:21:38.915+0000] {logging_mixin.py:190} INFO - [2025-03-18T14:21:38.915+0000] {dag.py:4180} INFO - Setting next_dagrun for etl_reddit_pipeline to 2025-03-18T00:00:00+00:00, run_after=2025-03-19T00:00:00+00:00
[2025-03-18T14:21:38.922+0000] {processor.py:208} INFO - Processing /opt/airflow/dags/reddit-dag.py took 0.293 seconds
[2025-03-18T14:22:08.964+0000] {processor.py:186} INFO - Started process (PID=93) to work on /opt/airflow/dags/reddit-dag.py
[2025-03-18T14:22:08.965+0000] {processor.py:914} INFO - Processing file /opt/airflow/dags/reddit-dag.py for tasks to queue
[2025-03-18T14:22:08.967+0000] {logging_mixin.py:190} INFO - [2025-03-18T14:22:08.967+0000] {dagbag.py:588} INFO - Filling up the DagBag from /opt/airflow/dags/reddit-dag.py
[2025-03-18T14:22:09.168+0000] {processor.py:925} INFO - DAG(s) 'etl_reddit_pipeline' retrieved from /opt/airflow/dags/reddit-dag.py
[2025-03-18T14:22:09.176+0000] {logging_mixin.py:190} INFO - [2025-03-18T14:22:09.176+0000] {dag.py:3239} INFO - Sync 1 DAGs
[2025-03-18T14:22:09.185+0000] {logging_mixin.py:190} INFO - [2025-03-18T14:22:09.185+0000] {dag.py:4180} INFO - Setting next_dagrun for etl_reddit_pipeline to 2025-03-18T00:00:00+00:00, run_after=2025-03-19T00:00:00+00:00
[2025-03-18T14:22:09.191+0000] {processor.py:208} INFO - Processing /opt/airflow/dags/reddit-dag.py took 0.234 seconds
