[2025-03-11T23:09:22.373+0000] {manager.py:483} INFO - Processing files using up to 2 processes at a time 
[2025-03-11T23:09:22.373+0000] {manager.py:484} INFO - Process each file at most once every 30 seconds
[2025-03-11T23:09:22.373+0000] {manager.py:485} INFO - Checking for new files in /opt/airflow/dags every 300 seconds
[2025-03-11T23:09:22.373+0000] {manager.py:821} INFO - Searching for files in /opt/airflow/dags
[2025-03-11T23:09:22.374+0000] {manager.py:824} INFO - There are 0 files in /opt/airflow/dags
[2025-03-18T13:10:06.178+0000] {manager.py:483} INFO - Processing files using up to 2 processes at a time 
[2025-03-18T13:10:06.179+0000] {manager.py:484} INFO - Process each file at most once every 30 seconds
[2025-03-18T13:10:06.180+0000] {manager.py:485} INFO - Checking for new files in /opt/airflow/dags every 300 seconds
[2025-03-18T13:10:06.180+0000] {manager.py:821} INFO - Searching for files in /opt/airflow/dags
[2025-03-18T13:10:06.183+0000] {manager.py:824} INFO - There are 0 files in /opt/airflow/dags
[2025-03-18T13:15:06.751+0000] {manager.py:821} INFO - Searching for files in /opt/airflow/dags
[2025-03-18T13:15:06.758+0000] {manager.py:824} INFO - There are 0 files in /opt/airflow/dags
[2025-03-18T13:20:07.586+0000] {manager.py:821} INFO - Searching for files in /opt/airflow/dags
[2025-03-18T13:20:07.593+0000] {manager.py:824} INFO - There are 0 files in /opt/airflow/dags
[2025-03-18T13:22:58.470+0000] {manager.py:483} INFO - Processing files using up to 2 processes at a time 
[2025-03-18T13:22:58.471+0000] {manager.py:484} INFO - Process each file at most once every 30 seconds
[2025-03-18T13:22:58.471+0000] {manager.py:485} INFO - Checking for new files in /opt/airflow/dags every 300 seconds
[2025-03-18T13:22:58.471+0000] {manager.py:821} INFO - Searching for files in /opt/airflow/dags
[2025-03-18T13:22:58.472+0000] {manager.py:824} INFO - There are 0 files in /opt/airflow/dags
[2025-03-18T13:24:21.750+0000] {manager.py:465} INFO - Exiting gracefully upon receiving signal 15
[2025-03-18T13:29:54.806+0000] {manager.py:483} INFO - Processing files using up to 2 processes at a time 
[2025-03-18T13:29:54.807+0000] {manager.py:484} INFO - Process each file at most once every 30 seconds
[2025-03-18T13:29:54.807+0000] {manager.py:485} INFO - Checking for new files in /opt/airflow/dags every 300 seconds
[2025-03-18T13:29:54.807+0000] {manager.py:821} INFO - Searching for files in /opt/airflow/dags
[2025-03-18T13:29:54.808+0000] {manager.py:824} INFO - There are 0 files in /opt/airflow/dags
[2025-03-18T13:34:55.534+0000] {manager.py:821} INFO - Searching for files in /opt/airflow/dags
[2025-03-18T13:34:55.540+0000] {manager.py:824} INFO - There are 1 files in /opt/airflow/dags
[2025-03-18T13:34:57.587+0000] {manager.py:997} INFO - 
================================================================================
DAG File Processing Stats

File Path                        PID    Runtime      # DAGs    # Errors  Last Runtime    Last Run               Last # of DB Queries
-------------------------------  -----  ---------  --------  ----------  --------------  -------------------  ----------------------
/opt/airflow/dags/reddit-dag.py                           1           0  0.31s           2025-03-18T13:34:55                      45
================================================================================
[2025-03-18T13:35:27.926+0000] {manager.py:997} INFO - 
================================================================================
DAG File Processing Stats

File Path                        PID    Runtime      # DAGs    # Errors  Last Runtime    Last Run               Last # of DB Queries
-------------------------------  -----  ---------  --------  ----------  --------------  -------------------  ----------------------
/opt/airflow/dags/reddit-dag.py                           1           0  0.25s           2025-03-18T13:35:26                      12
================================================================================
[2025-03-18T13:35:58.474+0000] {manager.py:997} INFO - 
================================================================================
DAG File Processing Stats

File Path                        PID    Runtime      # DAGs    # Errors  Last Runtime    Last Run               Last # of DB Queries
-------------------------------  -----  ---------  --------  ----------  --------------  -------------------  ----------------------
/opt/airflow/dags/reddit-dag.py                           1           0  0.27s           2025-03-18T13:35:56                      12
================================================================================
[2025-03-18T13:36:28.846+0000] {manager.py:997} INFO - 
================================================================================
DAG File Processing Stats

File Path                        PID    Runtime      # DAGs    # Errors  Last Runtime    Last Run               Last # of DB Queries
-------------------------------  -----  ---------  --------  ----------  --------------  -------------------  ----------------------
/opt/airflow/dags/reddit-dag.py                           1           0  0.24s           2025-03-18T13:36:27                      12
================================================================================
[2025-03-18T13:36:59.389+0000] {manager.py:997} INFO - 
================================================================================
DAG File Processing Stats

File Path                        PID    Runtime      # DAGs    # Errors  Last Runtime    Last Run               Last # of DB Queries
-------------------------------  -----  ---------  --------  ----------  --------------  -------------------  ----------------------
/opt/airflow/dags/reddit-dag.py                           1           0  0.27s           2025-03-18T13:36:57                      12
================================================================================
[2025-03-18T13:37:29.763+0000] {manager.py:997} INFO - 
================================================================================
DAG File Processing Stats

File Path                        PID    Runtime      # DAGs    # Errors  Last Runtime    Last Run               Last # of DB Queries
-------------------------------  -----  ---------  --------  ----------  --------------  -------------------  ----------------------
/opt/airflow/dags/reddit-dag.py                           1           0  0.33s           2025-03-18T13:37:28                      12
================================================================================
[2025-03-18T13:38:00.346+0000] {manager.py:997} INFO - 
================================================================================
DAG File Processing Stats

File Path                        PID    Runtime      # DAGs    # Errors  Last Runtime    Last Run               Last # of DB Queries
-------------------------------  -----  ---------  --------  ----------  --------------  -------------------  ----------------------
/opt/airflow/dags/reddit-dag.py                           1           0  0.24s           2025-03-18T13:37:58                      12
================================================================================
[2025-03-18T13:38:30.729+0000] {manager.py:997} INFO - 
================================================================================
DAG File Processing Stats

File Path                        PID    Runtime      # DAGs    # Errors  Last Runtime    Last Run               Last # of DB Queries
-------------------------------  -----  ---------  --------  ----------  --------------  -------------------  ----------------------
/opt/airflow/dags/reddit-dag.py                           1           0  0.32s           2025-03-18T13:38:29                      12
================================================================================
[2025-03-18T13:39:01.387+0000] {manager.py:997} INFO - 
================================================================================
DAG File Processing Stats

File Path                        PID    Runtime      # DAGs    # Errors  Last Runtime    Last Run               Last # of DB Queries
-------------------------------  -----  ---------  --------  ----------  --------------  -------------------  ----------------------
/opt/airflow/dags/reddit-dag.py                           1           0  0.30s           2025-03-18T13:38:59                      12
================================================================================
[2025-03-18T13:39:31.708+0000] {manager.py:997} INFO - 
================================================================================
DAG File Processing Stats

File Path                        PID    Runtime      # DAGs    # Errors  Last Runtime    Last Run               Last # of DB Queries
-------------------------------  -----  ---------  --------  ----------  --------------  -------------------  ----------------------
/opt/airflow/dags/reddit-dag.py                           1           0  0.24s           2025-03-18T13:39:29                      12
================================================================================
[2025-03-18T13:39:55.913+0000] {manager.py:821} INFO - Searching for files in /opt/airflow/dags
[2025-03-18T13:39:55.919+0000] {manager.py:824} INFO - There are 1 files in /opt/airflow/dags
[2025-03-18T13:40:02.176+0000] {manager.py:997} INFO - 
================================================================================
DAG File Processing Stats

File Path                        PID    Runtime      # DAGs    # Errors  Last Runtime    Last Run               Last # of DB Queries
-------------------------------  -----  ---------  --------  ----------  --------------  -------------------  ----------------------
/opt/airflow/dags/reddit-dag.py                           1           0  0.26s           2025-03-18T13:40:00                      12
================================================================================
[2025-03-18T13:40:32.565+0000] {manager.py:997} INFO - 
================================================================================
DAG File Processing Stats

File Path                        PID    Runtime      # DAGs    # Errors  Last Runtime    Last Run               Last # of DB Queries
-------------------------------  -----  ---------  --------  ----------  --------------  -------------------  ----------------------
/opt/airflow/dags/reddit-dag.py                           1           0  0.25s           2025-03-18T13:40:30                      12
================================================================================
[2025-03-18T13:41:02.908+0000] {manager.py:997} INFO - 
================================================================================
DAG File Processing Stats

File Path                        PID    Runtime      # DAGs    # Errors  Last Runtime    Last Run               Last # of DB Queries
-------------------------------  -----  ---------  --------  ----------  --------------  -------------------  ----------------------
/opt/airflow/dags/reddit-dag.py                           1           0  0.23s           2025-03-18T13:41:01                      12
================================================================================
[2025-03-18T13:41:33.442+0000] {manager.py:997} INFO - 
================================================================================
DAG File Processing Stats

File Path                        PID    Runtime      # DAGs    # Errors  Last Runtime    Last Run               Last # of DB Queries
-------------------------------  -----  ---------  --------  ----------  --------------  -------------------  ----------------------
/opt/airflow/dags/reddit-dag.py                           1           0  0.22s           2025-03-18T13:41:31                      12
================================================================================
[2025-03-18T13:42:03.814+0000] {manager.py:997} INFO - 
================================================================================
DAG File Processing Stats

File Path                        PID    Runtime      # DAGs    # Errors  Last Runtime    Last Run               Last # of DB Queries
-------------------------------  -----  ---------  --------  ----------  --------------  -------------------  ----------------------
/opt/airflow/dags/reddit-dag.py                           1           0  0.33s           2025-03-18T13:42:02                      12
================================================================================
[2025-03-18T13:42:34.181+0000] {manager.py:997} INFO - 
================================================================================
DAG File Processing Stats

File Path                        PID    Runtime      # DAGs    # Errors  Last Runtime    Last Run               Last # of DB Queries
-------------------------------  -----  ---------  --------  ----------  --------------  -------------------  ----------------------
/opt/airflow/dags/reddit-dag.py                           1           0  0.25s           2025-03-18T13:42:32                      12
================================================================================
[2025-03-18T13:43:04.782+0000] {manager.py:997} INFO - 
================================================================================
DAG File Processing Stats

File Path                        PID    Runtime      # DAGs    # Errors  Last Runtime    Last Run               Last # of DB Queries
-------------------------------  -----  ---------  --------  ----------  --------------  -------------------  ----------------------
/opt/airflow/dags/reddit-dag.py                           1           0  0.30s           2025-03-18T13:43:02                      12
================================================================================
[2025-03-18T13:43:35.155+0000] {manager.py:997} INFO - 
================================================================================
DAG File Processing Stats

File Path                        PID    Runtime      # DAGs    # Errors  Last Runtime    Last Run               Last # of DB Queries
-------------------------------  -----  ---------  --------  ----------  --------------  -------------------  ----------------------
/opt/airflow/dags/reddit-dag.py                           1           0  0.27s           2025-03-18T13:43:33                      12
================================================================================
[2025-03-18T13:44:05.719+0000] {manager.py:997} INFO - 
================================================================================
DAG File Processing Stats

File Path                        PID    Runtime      # DAGs    # Errors  Last Runtime    Last Run               Last # of DB Queries
-------------------------------  -----  ---------  --------  ----------  --------------  -------------------  ----------------------
/opt/airflow/dags/reddit-dag.py                           1           0  0.33s           2025-03-18T13:44:03                      12
================================================================================
[2025-03-18T13:44:36.175+0000] {manager.py:997} INFO - 
================================================================================
DAG File Processing Stats

File Path                        PID    Runtime      # DAGs    # Errors  Last Runtime    Last Run               Last # of DB Queries
-------------------------------  -----  ---------  --------  ----------  --------------  -------------------  ----------------------
/opt/airflow/dags/reddit-dag.py                           1           0  0.25s           2025-03-18T13:44:34                      12
================================================================================
[2025-03-18T13:44:56.413+0000] {manager.py:821} INFO - Searching for files in /opt/airflow/dags
[2025-03-18T13:44:56.418+0000] {manager.py:824} INFO - There are 1 files in /opt/airflow/dags
[2025-03-18T13:45:06.639+0000] {manager.py:997} INFO - 
================================================================================
DAG File Processing Stats

File Path                        PID    Runtime      # DAGs    # Errors  Last Runtime    Last Run               Last # of DB Queries
-------------------------------  -----  ---------  --------  ----------  --------------  -------------------  ----------------------
/opt/airflow/dags/reddit-dag.py                           1           0  0.26s           2025-03-18T13:45:04                      12
================================================================================
[2025-03-18T13:45:37.155+0000] {manager.py:997} INFO - 
================================================================================
DAG File Processing Stats

File Path                        PID    Runtime      # DAGs    # Errors  Last Runtime    Last Run               Last # of DB Queries
-------------------------------  -----  ---------  --------  ----------  --------------  -------------------  ----------------------
/opt/airflow/dags/reddit-dag.py                           1           0  0.29s           2025-03-18T13:45:35                      12
================================================================================
[2025-03-18T13:46:07.609+0000] {manager.py:997} INFO - 
================================================================================
DAG File Processing Stats

File Path                        PID    Runtime      # DAGs    # Errors  Last Runtime    Last Run               Last # of DB Queries
-------------------------------  -----  ---------  --------  ----------  --------------  -------------------  ----------------------
/opt/airflow/dags/reddit-dag.py                           1           0  0.31s           2025-03-18T13:46:05                      12
================================================================================
[2025-03-18T13:46:38.159+0000] {manager.py:997} INFO - 
================================================================================
DAG File Processing Stats

File Path                        PID    Runtime      # DAGs    # Errors  Last Runtime    Last Run               Last # of DB Queries
-------------------------------  -----  ---------  --------  ----------  --------------  -------------------  ----------------------
/opt/airflow/dags/reddit-dag.py                           1           0  0.32s           2025-03-18T13:46:36                      12
================================================================================
[2025-03-18T13:47:08.555+0000] {manager.py:997} INFO - 
================================================================================
DAG File Processing Stats

File Path                        PID    Runtime      # DAGs    # Errors  Last Runtime    Last Run               Last # of DB Queries
-------------------------------  -----  ---------  --------  ----------  --------------  -------------------  ----------------------
/opt/airflow/dags/reddit-dag.py                           1           0  0.23s           2025-03-18T13:47:06                      12
================================================================================
[2025-03-18T13:47:39.049+0000] {manager.py:997} INFO - 
================================================================================
DAG File Processing Stats

File Path                        PID    Runtime      # DAGs    # Errors  Last Runtime    Last Run               Last # of DB Queries
-------------------------------  -----  ---------  --------  ----------  --------------  -------------------  ----------------------
/opt/airflow/dags/reddit-dag.py                           1           0  0.23s           2025-03-18T13:47:37                      12
================================================================================
[2025-03-18T13:48:09.439+0000] {manager.py:997} INFO - 
================================================================================
DAG File Processing Stats

File Path                        PID    Runtime      # DAGs    # Errors  Last Runtime    Last Run               Last # of DB Queries
-------------------------------  -----  ---------  --------  ----------  --------------  -------------------  ----------------------
/opt/airflow/dags/reddit-dag.py                           1           0  0.22s           2025-03-18T13:48:07                      12
================================================================================
[2025-03-18T13:48:39.994+0000] {manager.py:997} INFO - 
================================================================================
DAG File Processing Stats

File Path                        PID    Runtime      # DAGs    # Errors  Last Runtime    Last Run               Last # of DB Queries
-------------------------------  -----  ---------  --------  ----------  --------------  -------------------  ----------------------
/opt/airflow/dags/reddit-dag.py                           1           0  0.23s           2025-03-18T13:48:38                      12
================================================================================
[2025-03-18T13:49:10.367+0000] {manager.py:997} INFO - 
================================================================================
DAG File Processing Stats

File Path                        PID    Runtime      # DAGs    # Errors  Last Runtime    Last Run               Last # of DB Queries
-------------------------------  -----  ---------  --------  ----------  --------------  -------------------  ----------------------
/opt/airflow/dags/reddit-dag.py                           1           0  0.28s           2025-03-18T13:49:08                      12
================================================================================
[2025-03-18T13:49:40.923+0000] {manager.py:997} INFO - 
================================================================================
DAG File Processing Stats

File Path                        PID    Runtime      # DAGs    # Errors  Last Runtime    Last Run               Last # of DB Queries
-------------------------------  -----  ---------  --------  ----------  --------------  -------------------  ----------------------
/opt/airflow/dags/reddit-dag.py                           1           0  0.28s           2025-03-18T13:49:38                      12
================================================================================
[2025-03-18T13:49:57.085+0000] {manager.py:821} INFO - Searching for files in /opt/airflow/dags
[2025-03-18T13:49:57.091+0000] {manager.py:824} INFO - There are 1 files in /opt/airflow/dags
[2025-03-18T13:50:11.276+0000] {manager.py:997} INFO - 
================================================================================
DAG File Processing Stats

File Path                        PID    Runtime      # DAGs    # Errors  Last Runtime    Last Run               Last # of DB Queries
-------------------------------  -----  ---------  --------  ----------  --------------  -------------------  ----------------------
/opt/airflow/dags/reddit-dag.py                           1           0  0.26s           2025-03-18T13:50:09                      12
================================================================================
[2025-03-18T13:50:41.591+0000] {manager.py:997} INFO - 
================================================================================
DAG File Processing Stats

File Path                        PID    Runtime      # DAGs    # Errors  Last Runtime    Last Run               Last # of DB Queries
-------------------------------  -----  ---------  --------  ----------  --------------  -------------------  ----------------------
/opt/airflow/dags/reddit-dag.py                           1           0  0.25s           2025-03-18T13:50:39                      12
================================================================================
[2025-03-18T13:51:12.162+0000] {manager.py:997} INFO - 
================================================================================
DAG File Processing Stats

File Path                        PID    Runtime      # DAGs    # Errors  Last Runtime    Last Run               Last # of DB Queries
-------------------------------  -----  ---------  --------  ----------  --------------  -------------------  ----------------------
/opt/airflow/dags/reddit-dag.py                           1           0  0.27s           2025-03-18T13:51:10                      12
================================================================================
[2025-03-18T13:51:42.531+0000] {manager.py:997} INFO - 
================================================================================
DAG File Processing Stats

File Path                        PID    Runtime      # DAGs    # Errors  Last Runtime    Last Run               Last # of DB Queries
-------------------------------  -----  ---------  --------  ----------  --------------  -------------------  ----------------------
/opt/airflow/dags/reddit-dag.py                           1           0  0.25s           2025-03-18T13:51:40                      12
================================================================================
[2025-03-18T13:52:13.106+0000] {manager.py:997} INFO - 
================================================================================
DAG File Processing Stats

File Path                        PID    Runtime      # DAGs    # Errors  Last Runtime    Last Run               Last # of DB Queries
-------------------------------  -----  ---------  --------  ----------  --------------  -------------------  ----------------------
/opt/airflow/dags/reddit-dag.py                           1           0  0.24s           2025-03-18T13:52:11                      12
================================================================================
[2025-03-18T13:52:43.475+0000] {manager.py:997} INFO - 
================================================================================
DAG File Processing Stats

File Path                        PID    Runtime      # DAGs    # Errors  Last Runtime    Last Run               Last # of DB Queries
-------------------------------  -----  ---------  --------  ----------  --------------  -------------------  ----------------------
/opt/airflow/dags/reddit-dag.py                           1           0  0.27s           2025-03-18T13:52:41                      12
================================================================================
[2025-03-18T13:53:13.992+0000] {manager.py:997} INFO - 
================================================================================
DAG File Processing Stats

File Path                        PID    Runtime      # DAGs    # Errors  Last Runtime    Last Run               Last # of DB Queries
-------------------------------  -----  ---------  --------  ----------  --------------  -------------------  ----------------------
/opt/airflow/dags/reddit-dag.py                           1           0  0.25s           2025-03-18T13:53:12                      12
================================================================================
[2025-03-18T13:53:44.420+0000] {manager.py:997} INFO - 
================================================================================
DAG File Processing Stats

File Path                        PID    Runtime      # DAGs    # Errors  Last Runtime    Last Run               Last # of DB Queries
-------------------------------  -----  ---------  --------  ----------  --------------  -------------------  ----------------------
/opt/airflow/dags/reddit-dag.py                           1           0  0.28s           2025-03-18T13:53:42                      12
================================================================================
[2025-03-18T14:00:25.979+0000] {manager.py:483} INFO - Processing files using up to 2 processes at a time 
[2025-03-18T14:00:25.979+0000] {manager.py:484} INFO - Process each file at most once every 30 seconds
[2025-03-18T14:00:25.980+0000] {manager.py:485} INFO - Checking for new files in /opt/airflow/dags every 300 seconds
[2025-03-18T14:00:25.980+0000] {manager.py:821} INFO - Searching for files in /opt/airflow/dags
[2025-03-18T14:00:25.982+0000] {manager.py:824} INFO - There are 1 files in /opt/airflow/dags
[2025-03-18T14:00:26.006+0000] {manager.py:997} INFO - 
================================================================================
DAG File Processing Stats

File Path                          PID  Runtime      # DAGs    # Errors  Last Runtime    Last Run      Last # of DB Queries
-------------------------------  -----  ---------  --------  ----------  --------------  ----------  ----------------------
/opt/airflow/dags/reddit-dag.py     29  0.01s             0           0                                                   0
================================================================================
[2025-03-18T14:00:56.235+0000] {manager.py:997} INFO - 
================================================================================
DAG File Processing Stats

File Path                        PID    Runtime      # DAGs    # Errors  Last Runtime    Last Run               Last # of DB Queries
-------------------------------  -----  ---------  --------  ----------  --------------  -------------------  ----------------------
/opt/airflow/dags/reddit-dag.py                           1           0  0.34s           2025-03-18T14:00:26                      45
================================================================================
[2025-03-18T14:01:26.250+0000] {manager.py:997} INFO - 
================================================================================
DAG File Processing Stats

File Path                        PID    Runtime      # DAGs    # Errors  Last Runtime    Last Run               Last # of DB Queries
-------------------------------  -----  ---------  --------  ----------  --------------  -------------------  ----------------------
/opt/airflow/dags/reddit-dag.py                           1           0  0.27s           2025-03-18T14:00:56                      12
================================================================================
[2025-03-18T14:01:56.593+0000] {manager.py:997} INFO - 
================================================================================
DAG File Processing Stats

File Path                        PID    Runtime      # DAGs    # Errors  Last Runtime    Last Run               Last # of DB Queries
-------------------------------  -----  ---------  --------  ----------  --------------  -------------------  ----------------------
/opt/airflow/dags/reddit-dag.py                           1           0  0.24s           2025-03-18T14:01:28                      12
================================================================================
[2025-03-18T14:02:27.068+0000] {manager.py:997} INFO - 
================================================================================
DAG File Processing Stats

File Path                        PID    Runtime      # DAGs    # Errors  Last Runtime    Last Run               Last # of DB Queries
-------------------------------  -----  ---------  --------  ----------  --------------  -------------------  ----------------------
/opt/airflow/dags/reddit-dag.py                           1           0  0.24s           2025-03-18T14:01:58                      12
================================================================================
[2025-03-18T14:02:57.379+0000] {manager.py:997} INFO - 
================================================================================
DAG File Processing Stats

File Path                        PID    Runtime      # DAGs    # Errors  Last Runtime    Last Run               Last # of DB Queries
-------------------------------  -----  ---------  --------  ----------  --------------  -------------------  ----------------------
/opt/airflow/dags/reddit-dag.py                           1           0  0.25s           2025-03-18T14:02:29                      12
================================================================================
[2025-03-18T14:03:28.052+0000] {manager.py:997} INFO - 
================================================================================
DAG File Processing Stats

File Path                        PID    Runtime      # DAGs    # Errors  Last Runtime    Last Run               Last # of DB Queries
-------------------------------  -----  ---------  --------  ----------  --------------  -------------------  ----------------------
/opt/airflow/dags/reddit-dag.py                           1           0  0.32s           2025-03-18T14:02:59                      12
================================================================================
[2025-03-18T14:03:58.428+0000] {manager.py:997} INFO - 
================================================================================
DAG File Processing Stats

File Path                        PID    Runtime      # DAGs    # Errors  Last Runtime    Last Run               Last # of DB Queries
-------------------------------  -----  ---------  --------  ----------  --------------  -------------------  ----------------------
/opt/airflow/dags/reddit-dag.py                           1           0  0.23s           2025-03-18T14:03:30                      12
================================================================================
[2025-03-18T14:04:29.008+0000] {manager.py:997} INFO - 
================================================================================
DAG File Processing Stats

File Path                        PID    Runtime      # DAGs    # Errors  Last Runtime    Last Run               Last # of DB Queries
-------------------------------  -----  ---------  --------  ----------  --------------  -------------------  ----------------------
/opt/airflow/dags/reddit-dag.py                           1           0  0.23s           2025-03-18T14:04:00                      12
================================================================================
[2025-03-18T14:04:59.383+0000] {manager.py:997} INFO - 
================================================================================
DAG File Processing Stats

File Path                        PID    Runtime      # DAGs    # Errors  Last Runtime    Last Run               Last # of DB Queries
-------------------------------  -----  ---------  --------  ----------  --------------  -------------------  ----------------------
/opt/airflow/dags/reddit-dag.py                           1           0  0.23s           2025-03-18T14:04:31                      12
================================================================================
[2025-03-18T14:05:26.921+0000] {manager.py:821} INFO - Searching for files in /opt/airflow/dags
[2025-03-18T14:05:26.928+0000] {manager.py:824} INFO - There are 1 files in /opt/airflow/dags
[2025-03-18T14:05:29.984+0000] {manager.py:997} INFO - 
================================================================================
DAG File Processing Stats

File Path                        PID    Runtime      # DAGs    # Errors  Last Runtime    Last Run               Last # of DB Queries
-------------------------------  -----  ---------  --------  ----------  --------------  -------------------  ----------------------
/opt/airflow/dags/reddit-dag.py                           1           0  0.23s           2025-03-18T14:05:01                      12
================================================================================
[2025-03-18T14:06:00.387+0000] {manager.py:997} INFO - 
================================================================================
DAG File Processing Stats

File Path                        PID    Runtime      # DAGs    # Errors  Last Runtime    Last Run               Last # of DB Queries
-------------------------------  -----  ---------  --------  ----------  --------------  -------------------  ----------------------
/opt/airflow/dags/reddit-dag.py                           1           0  0.24s           2025-03-18T14:05:32                      12
================================================================================
[2025-03-18T14:06:31.015+0000] {manager.py:997} INFO - 
================================================================================
DAG File Processing Stats

File Path                        PID    Runtime      # DAGs    # Errors  Last Runtime    Last Run               Last # of DB Queries
-------------------------------  -----  ---------  --------  ----------  --------------  -------------------  ----------------------
/opt/airflow/dags/reddit-dag.py                           1           0  0.24s           2025-03-18T14:06:02                      12
================================================================================
[2025-03-18T14:07:01.437+0000] {manager.py:997} INFO - 
================================================================================
DAG File Processing Stats

File Path                        PID    Runtime      # DAGs    # Errors  Last Runtime    Last Run               Last # of DB Queries
-------------------------------  -----  ---------  --------  ----------  --------------  -------------------  ----------------------
/opt/airflow/dags/reddit-dag.py                           1           0  0.24s           2025-03-18T14:06:33                      12
================================================================================
[2025-03-18T14:07:31.893+0000] {manager.py:997} INFO - 
================================================================================
DAG File Processing Stats

File Path                        PID    Runtime      # DAGs    # Errors  Last Runtime    Last Run               Last # of DB Queries
-------------------------------  -----  ---------  --------  ----------  --------------  -------------------  ----------------------
/opt/airflow/dags/reddit-dag.py                           1           0  0.23s           2025-03-18T14:07:03                      12
================================================================================
[2025-03-18T14:13:30.904+0000] {manager.py:821} INFO - Searching for files in /opt/airflow/dags
[2025-03-18T14:13:30.912+0000] {manager.py:824} INFO - There are 1 files in /opt/airflow/dags
[2025-03-18T14:13:59.787+0000] {manager.py:997} INFO - 
================================================================================
DAG File Processing Stats

File Path                        PID    Runtime      # DAGs    # Errors  Last Runtime    Last Run               Last # of DB Queries
-------------------------------  -----  ---------  --------  ----------  --------------  -------------------  ----------------------
/opt/airflow/dags/reddit-dag.py                           1           0  0.51s           2025-03-18T14:13:31                      12
================================================================================
[2025-03-18T14:14:30.094+0000] {manager.py:997} INFO - 
================================================================================
DAG File Processing Stats

File Path                        PID    Runtime      # DAGs    # Errors  Last Runtime    Last Run               Last # of DB Queries
-------------------------------  -----  ---------  --------  ----------  --------------  -------------------  ----------------------
/opt/airflow/dags/reddit-dag.py                           1           0  0.29s           2025-03-18T14:14:02                      12
================================================================================
[2025-03-18T14:15:00.420+0000] {manager.py:997} INFO - 
================================================================================
DAG File Processing Stats

File Path                        PID    Runtime      # DAGs    # Errors  Last Runtime    Last Run               Last # of DB Queries
-------------------------------  -----  ---------  --------  ----------  --------------  -------------------  ----------------------
/opt/airflow/dags/reddit-dag.py                           1           0  0.29s           2025-03-18T14:14:32                      12
================================================================================
